declare -x SLURMD_NODENAME="cpn-v05-12"
declare -x SLURMTMPDIR="/scratch/10441130"
declare -x SLURM_CLUSTER_NAME="faculty"
declare -x SLURM_CONF="/var/spool/slurmd/conf-cache/slurm.conf"
declare -x SLURM_CPUS_ON_NODE="4"
declare -x SLURM_GTIDS="0"
declare -x SLURM_JOBID="10441130"
declare -x SLURM_JOB_ACCOUNT="jochena"
declare -x SLURM_JOB_CPUS_PER_NODE="4"
declare -x SLURM_JOB_GID="89200220"
declare -x SLURM_JOB_ID="10441130"
declare -x SLURM_JOB_NAME="formald"
declare -x SLURM_JOB_NODELIST="cpn-v05-12"
declare -x SLURM_JOB_NUM_NODES="1"
declare -x SLURM_JOB_PARTITION="scavenger"
declare -x SLURM_JOB_QOS="scavenger"
declare -x SLURM_JOB_UID="356562"
declare -x SLURM_JOB_USER="herbertl"
declare -x SLURM_LOCALID="0"
declare -x SLURM_MEM_PER_CPU="2000"
declare -x SLURM_NNODES="1"
declare -x SLURM_NODEID="0"
declare -x SLURM_NODELIST="cpn-v05-12"
declare -x SLURM_NODE_ALIASES="(null)"
declare -x SLURM_NPROCS="4"
declare -x SLURM_NTASKS="4"
declare -x SLURM_NTASKS_PER_NODE="4"
declare -x SLURM_PRIO_PROCESS="0"
declare -x SLURM_PROCID="0"
declare -x SLURM_SUBMIT_DIR="/projects/academic/jochena/herbertl/projects/exatomic-test-stuff/adf2021/formaldehyde-freq"
declare -x SLURM_SUBMIT_HOST="srv-p22-12.cbls.ccr.buffalo.edu"
declare -x SLURM_TASKS_PER_NODE="4"
declare -x SLURM_TASK_PID="35829"
declare -x SLURM_TOPOLOGY_ADDR="vmonje.cpn-v05-12"
declare -x SLURM_TOPOLOGY_ADDR_PATTERN="switch.node"
declare -x SLURM_WORKING_CLUSTER="faculty:srv-p22-17:6817:9472:109"
declare -x NSCM=""
declare -x SCM_TMPDIR="/scratch/10441130"
declare -x SCM_USETMPDIR="yes"
[-1] MPI startup(): Imported environment partly inaccesible. Map=0 Info=25128de0
[-1] MPI startup(): Imported environment partly inaccesible. Map=0 Info=26b45de0
[-1] MPI startup(): Imported environment partly inaccesible. Map=0 Info=24eaede0
[-1] MPI startup(): Imported environment partly inaccesible. Map=0 Info=26dbade0
[0] MPI startup(): Multi-threaded optimized library
[0] MPI startup(): shm data transfer mode
[1] MPI startup(): shm data transfer mode
[3] MPI startup(): shm data transfer mode
[2] MPI startup(): shm data transfer mode
[0] MPI startup(): Rank    Pid      Node name                                Pin cpu
[0] MPI startup(): 0       35926    cpn-v05-12.compute.cbls.ccr.buffalo.edu  +1
[0] MPI startup(): 1       35927    cpn-v05-12.compute.cbls.ccr.buffalo.edu  +1
[0] MPI startup(): 2       35928    cpn-v05-12.compute.cbls.ccr.buffalo.edu  +1
[0] MPI startup(): 3       35929    cpn-v05-12.compute.cbls.ccr.buffalo.edu  +1


 Parallel Execution: Process Information
 ==============================================================================
 Rank   Node Name                              NodeID   MyNodeRank  NodeMaster
    0   cpn-v05-12.compute.cbls.ccr.buff          0          0          0
    1   cpn-v05-12.compute.cbls.ccr.buff          0          1         -1
    2   cpn-v05-12.compute.cbls.ccr.buff          0          2         -1
    3   cpn-v05-12.compute.cbls.ccr.buff          0          3         -1
 ==============================================================================


May use up to 123036MB of RAM as shared memory on node 0

 *******************************************************************************
 *                                                                             *
 *  --------------------------------                                           *
 *   Amsterdam Modeling Suite (AMS)              2021.102                      *
 *  --------------------------------                                           *
 *                                               r95042 2021-06-07             *
 *                                                                             *
 *                                                                             *
 *                              =================                              *
 *                              |               |                              *
 *                              |     A M S     |                              *
 *                              |               |                              *
 *                              =================                              *
 *                                                                             *
 *                                                                             *
 *   Online information and documentation:  https://www.scm.com/support/       *
 *   E-mail:  support@scm.com   info@scm.com                                   *
 *                                                                             *
 *   Scientific publications using AMS results must be properly referenced     *
 *   See the User Manuals (or the web site) for recommended citations          *
 *   The terms and conditions of the End User License Agreement apply to       *
 *   the use of AMS, https://www.scm.com/license-terms/                        *
 *                                                                             *
 **********************  x86_64_linux_intel / intelmpi  ************************
 
 Licensed to: Dr. Jochen Autschbach / University at Buffalo / Buffalo / NY / USA 2022-01-10 16:59:14
 SCM User ID: u7467
  
 AMS 2021.102  RunTime: May06-2022 15:21:45  ShM Nodes: 1  Procs: 4

 AMS jobname: ams
 AMS jobid  : 50842597

 Start   directory: /scratch/10441130/
 Results directory: /scratch/10441130/ams.results/
 Scratch directory: /scratch/10441130/amstmp_ams_kid0.50842597/


 Communication costs MPI_COMM_WORLD:      0.965 usec per message,   0.0039 usec per 8-byte item
 Communication costs for intra-node:      0.960 usec per message,   0.0039 usec per 8-byte item

 RNG seed: 1966095440 -619278202 -1129757083 1933967778 1520725582 2009698364 1856174179 1200102359



                      ************************************************************************
                      *  ADF 2021.102  RunTime: May06-2022 15:21:45  ShM Nodes: 1  Procs: 4  *
                      ************************************************************************
  
       ****************************
       * SINGLE POINT CALCULATION *
       ****************************
 
--------
Geometry
--------
Formula: CH2O
Atoms
  Index Symbol   x (angstrom)   y (angstrom)   z (angstrom)
      1      C     0.00000000     0.00000000    -0.51999634
      2      O     0.00000000     0.00000000     0.69320324
      3      H     0.00000000    -0.94947709    -1.10963695
      4      H     0.00000000     0.94947709    -1.10963695
 
Total System Charge             0.00000
 
 
----------------
ADF Engine Input
----------------
 
 Title comment
 Symmetry NoSym
 Basis
 Type ZORA/TZP
 Core None
 End
 XC
 GGA BP86
 End
 NumericalQuality VeryGood
 

 Title: comment

 *** adf ***



 ===========================
 A T T A C H E D   F I L E S
 ===========================
  



 ===============================
 M O D E L   P A R A M E T E R S
 ===============================
  
 DENSITY FUNCTIONAL POTENTIAL (scf)
    LDA:                               VWN                                      
    Gradient Corrections:              Becke88 Perdew86                        == Not Default ==

 SPIN  (restricted / unrestr.)
    Molecule:                          Restricted                               
    Fragments:                         Restricted                               

 OTHER ASPECTS
    Relativistic Corrections:          scalar (ZORA,MAPA)                       

    Nuclear Charge Density Model:      Point Charge Nuclei                      
    Core Treatment:                    Frozen Orbital(s)                        

    Hyperfine or Zeeman Interaction:   ---                                      


 Fragment File(s)
 ----------------
 C:
         file : /scratch/10441130/ams.results/t21.57113BE9.C
         jobid: 0
         title: Carbon (TZP)
 O:
         file : /scratch/10441130/ams.results/t21.76B9F5EC.O
         jobid: 0
         title: Oxygen (TZP)
 H:
         file : /scratch/10441130/ams.results/t21.3AF58F51.H
         jobid: 0
         title: Hydrogen (TZP)



 ===============
 G E O M E T R Y  ***  Planar Molecule  ***
 ===============
  

 ATOMS
 =====                            X Y Z                    CHARGE
                                (Angstrom)             Nucl     +Core       At.Mass
                       --------------------------    ----------------       -------
    1  C               0.0000    0.0000   -0.5200      6.00      6.00       12.0000
    2  O               0.0000    0.0000    0.6932      8.00      8.00       15.9949
    3  H               0.0000   -0.9495   -1.1096      1.00      1.00        1.0078
    4  H               0.0000    0.9495   -1.1096      1.00      1.00        1.0078


 FRAGMENTS
 =========                                     Atoms in this Fragment     Cart. coord.s (Angstrom)
                                               -------------------------------------------------------
    1  C                                                 1  C            0.0000    0.0000   -0.5200
    2  O                                                 2  O            0.0000    0.0000    0.6932
    3  H                                                 3  H            0.0000   -0.9495   -1.1096
    4  H                                                 4  H            0.0000    0.9495   -1.1096


 Interatomic Distance Matrix (Angstrom)
 --------------------------------------

   1)     0.000
   2)     1.213   0.000
   3)     1.118   2.038   0.000
   4)     1.118   2.038   1.899   0.000

 Min. Distance =    1.1177
 Max. Distance =    2.0376



 =====================================
 S Y M M E T R Y ,   E L E C T R O N S
 =====================================
  
 Symmetry: NOSYM

 Irreducible Representations, including subspecies
 -------------------------------------------------
 A


 Configuration of Valence Electrons
 ==================================
 ( determined in the SCF procedure )

 Total:   16

 Net Charge: 0 (Nuclei minus Electrons)

 Aufbau principle for MO occupations will be applied through SCF cycle no.     150
 Thereafter, the program will assign electrons to MOs that are spatially
 similar to the occupied MOs in a "reference" cycle ("KeepOrbitals").
 The reference cycle is always the PREVIOUS cycle: it will evolve with
 the SCF procedure.
1
 ***************************************************************************************************



                                      ****************************************
                                      *  B U I L D : (Fragments, Functions)  *
                                      ****************************************
  



 =======
 S F O s  ***  (Symmetrized Fragment Orbitals)  ***
 =======
  
 SFOs are linear combinations of (valence) Fragment Orbitals (FOs), such that the SFOs transform as the
 irreducible representations of the (molecular) symmetry group. Each SFO is therefore characterized by
 an irrep of the molecule and by a few (or only one) generating FOs.
 The SFOs constitute a symmetry-adapted basis for the Fock matrix. The MO eigenvector coefficients in
 this basis provide a direct interpretation of the MOs in terms of Frontier Orbital Theory.

 The SFOs are combined with auxiliary Core Functions (CFs) to ensure orthogonalization on the (frozen)
 Core Orbitals (COs). The Core-orthogonalized SFOs (CSFOs) constitute the true Fock basis.

 The FOs, and hence also the (C)SFOs are combinations of the elementary basis functions (BAS). The basis
 functions that participate in the description of the SFOs depend on the irrep. The indices of the
 involved functions are printed below for each irrep.
 (The complete list of primitive basis functions is printed in another section)

 Total nr. of (C)SFOs (summation over all irreps) :    50

 NOTE: a (C)SFO that is defined as a combination of more than one FO is usually NOT normalized.



                                       === A ===
 Nr. of SFOs :   50
 Cartesian basis functions that participate in this irrep (total number =    52) :
      1     2     3     4     5     6     9    12     7    10
     13     8    11    14    15    16    17    18    19    20
     21    22    23    24    25    26    29    32    27    30
     33    28    31    34    35    36    37    38    39    40
     41    42    43    44    45    46    47    48    49    50
     51    52

    SFO  (index         Fragment          Generating    Expansion in Fragment Orbitals
  indx  incl.CFs)   Occup   Orb.Energy   FragmentType  Coeff.   Orbital     on Fragment
 --------------------------------------------------------------------------------------
     1       1      2.000     -10.061 au  C             1.00      1 S               1
                        (    -273.778 eV)
     2       2      2.000      -0.510 au  C             1.00      2 S               1
                        (     -13.887 eV)
     3       3       --         0.370 au  C             1.00      3 S               1
                        (      10.075 eV)
     4       4       --         5.421 au  C             1.00      4 S               1
                        (     147.525 eV)
     5       5       --        49.873 au  C             1.00      5 S               1
                        (    1357.126 eV)
     6       6      0.667      -0.198 au  C             1.00      1 P:x             1
                        (      -5.399 eV)
     7       7       --         0.173 au  C             1.00      2 P:x             1
                        (       4.710 eV)
     8       8       --         2.025 au  C             1.00      3 P:x             1
                        (      55.111 eV)
     9       9      0.667      -0.198 au  C             1.00      1 P:y             1
                        (      -5.399 eV)
    10      10       --         0.173 au  C             1.00      2 P:y             1
                        (       4.710 eV)
    11      11       --         2.025 au  C             1.00      3 P:y             1
                        (      55.111 eV)
    12      12      0.667      -0.198 au  C             1.00      1 P:z             1
                        (      -5.399 eV)
    13      13       --         0.173 au  C             1.00      2 P:z             1
                        (       4.710 eV)
    14      14       --         2.025 au  C             1.00      3 P:z             1
                        (      55.111 eV)
    15      15       --         1.232 au  C             1.00      1 D:z2            1
                        (      33.529 eV)
    16      16       --         1.232 au  C             1.00      1 D:x2-y2         1
                        (      33.529 eV)
    17      17       --         1.232 au  C             1.00      1 D:xy            1
                        (      33.529 eV)
    18      18       --         1.232 au  C             1.00      1 D:xz            1
                        (      33.529 eV)
    19      19       --         1.232 au  C             1.00      1 D:yz            1
                        (      33.529 eV)
    20      20      2.000     -18.934 au  O             1.00      1 S               2
                        (    -515.214 eV)
    21      21      2.000      -0.886 au  O             1.00      2 S               2
                        (     -24.109 eV)
    22      22       --         0.788 au  O             1.00      3 S               2
                        (      21.442 eV)
    23      23       --        13.440 au  O             1.00      4 S               2
                        (     365.717 eV)
    24      24       --       121.588 au  O             1.00      5 S               2
                        (    3308.589 eV)
    25      25      1.333      -0.337 au  O             1.00      1 P:x             2
                        (      -9.163 eV)
    26      26       --         0.355 au  O             1.00      2 P:x             2
                        (       9.658 eV)
    27      27       --         3.832 au  O             1.00      3 P:x             2
                        (     104.284 eV)
    28      28      1.333      -0.337 au  O             1.00      1 P:y             2
                        (      -9.163 eV)
    29      29       --         0.355 au  O             1.00      2 P:y             2
                        (       9.658 eV)
    30      30       --         3.832 au  O             1.00      3 P:y             2
                        (     104.284 eV)
    31      31      1.333      -0.337 au  O             1.00      1 P:z             2
                        (      -9.163 eV)
    32      32       --         0.355 au  O             1.00      2 P:z             2
                        (       9.658 eV)
    33      33       --         3.832 au  O             1.00      3 P:z             2
                        (     104.284 eV)
    34      34       --         1.062 au  O             1.00      1 D:z2            2
                        (      28.890 eV)
    35      35       --         1.062 au  O             1.00      1 D:x2-y2         2
                        (      28.890 eV)
    36      36       --         1.062 au  O             1.00      1 D:xy            2
                        (      28.890 eV)
    37      37       --         1.062 au  O             1.00      1 D:xz            2
                        (      28.890 eV)
    38      38       --         1.062 au  O             1.00      1 D:yz            2
                        (      28.890 eV)
    39      39      1.000      -0.244 au  H             1.00      1 S               3
                        (      -6.626 eV)
    40      40       --         0.093 au  H             1.00      2 S               3
                        (       2.536 eV)
    41      41       --         1.515 au  H             1.00      3 S               3
                        (      41.229 eV)
    42      42       --         0.400 au  H             1.00      1 P:x             3
                        (      10.872 eV)
    43      43       --         0.400 au  H             1.00      1 P:y             3
                        (      10.872 eV)
    44      44       --         0.400 au  H             1.00      1 P:z             3
                        (      10.872 eV)
    45      45      1.000      -0.244 au  H             1.00      1 S               4
                        (      -6.626 eV)
    46      46       --         0.093 au  H             1.00      2 S               4
                        (       2.536 eV)
    47      47       --         1.515 au  H             1.00      3 S               4
                        (      41.229 eV)
    48      48       --         0.400 au  H             1.00      1 P:x             4
                        (      10.872 eV)
    49      49       --         0.400 au  H             1.00      1 P:y             4
                        (      10.872 eV)
    50      50       --         0.400 au  H             1.00      1 P:z             4
                        (      10.872 eV)



 ================================
 (Slater-type)  F U N C T I O N S  ***  (Basis and Fit)  ***
 ================================
  

 Atom Type    1  (C)
 ==============

 Valence Basis Sets:   9
 -----------------------
   1 S    7.680000
   1 S    5.000000
   2 S    1.280000
   2 S    2.100000
   2 S    4.600000
   2 P    0.820000
   2 P    1.480000
   2 P    2.940000
   3 D    2.200000

 Atom Type    2  (O)
 ==============

 Valence Basis Sets:   9
 -----------------------
   1 S    9.800000
   1 S    6.800000
   2 S    7.580000
   2 S    2.880000
   2 S    1.720000
   2 P    4.080000
   2 P    2.080000
   2 P    1.120000
   3 D    2.000000

 Atom Type    3  (H)
 ==============

 Valence Basis Sets:   4
 -----------------------
   1 S    0.690000
   1 S    0.920000
   1 S    1.580000
   2 P    1.250000


 BAS: List of all Elementary Cartesian Basis Functions
 =====================================================

 The numbering in the list below (to the right of the function characteristics) is referred
 to in print-outs of MO eigenvectors and Mulliken populations in the BAS representation
 (as contrasted to the SFO representation).

 Notes:
 1. The functions are characterized by a polynomial prefactor (powers of x,y,z and r) and
    an exponential decay factor alpha.
 2. Since the basis sets are specific for an atom TYPE, the individual functions occur on
    all atoms of that type.
 3. The word 'Core' in the left margin signals that it is a Core Function (CF) : not a
    degree of freedom in the valence set, but only used to ensure orthogonalization of
    the other valence basis functions on the frozen Core Orbitals.


 (power of) X  Y  Z  R     Alpha  on Atom
            ==========     =====     ==========

 C                                    1
                                  ---------------------------------------------------------------------------
            0  0  0  0     7.680      1
            0  0  0  0     5.000      2
            0  0  0  1     1.280      3
            0  0  0  1     2.100      4
            0  0  0  1     4.600      5
            1  0  0  0     0.820      6
            0  1  0  0     0.820      7
            0  0  1  0     0.820      8
            1  0  0  0     1.480      9
            0  1  0  0     1.480     10
            0  0  1  0     1.480     11
            1  0  0  0     2.940     12
            0  1  0  0     2.940     13
            0  0  1  0     2.940     14
            2  0  0  0     2.200     15
            1  1  0  0     2.200     16
            1  0  1  0     2.200     17
            0  2  0  0     2.200     18
            0  1  1  0     2.200     19
            0  0  2  0     2.200     20

 O                                    2
                                  ---------------------------------------------------------------------------
            0  0  0  0     9.800     21
            0  0  0  0     6.800     22
            0  0  0  1     7.580     23
            0  0  0  1     2.880     24
            0  0  0  1     1.720     25
            1  0  0  0     4.080     26
            0  1  0  0     4.080     27
            0  0  1  0     4.080     28
            1  0  0  0     2.080     29
            0  1  0  0     2.080     30
            0  0  1  0     2.080     31
            1  0  0  0     1.120     32
            0  1  0  0     1.120     33
            0  0  1  0     1.120     34
            2  0  0  0     2.000     35
            1  1  0  0     2.000     36
            1  0  1  0     2.000     37
            0  2  0  0     2.000     38
            0  1  1  0     2.000     39
            0  0  2  0     2.000     40

 H                                    3    4
                                  ---------------------------------------------------------------------------
            0  0  0  0     0.690     41   47
            0  0  0  0     0.920     42   48
            0  0  0  0     1.580     43   49
            1  0  0  0     1.250     44   50
            0  1  0  0     1.250     45   51
            0  0  1  0     1.250     46   52

 Total number of charge fitting functions (nprimf)       268
 Total number of Cartesian basis functions (naos)         52
 Total number of Cartesian core functions  (ncos)          0

1
 ***************************************************************************************************



                                              ***********************
                                              *  T E C H N I C A L  *
                                              ***********************
  



 =============================================================
 P A R A L L E L I Z A T I O N  and  V E C T O R I Z A T I O N
 =============================================================
  
 Nr of parallel processes:                                4
 Maximum vector length in NumInt loops:                 128



 =====================
 S C F   U P D A T E S
 =====================
  
 Max. nr. of cycles:                               300
 Convergence criterion:                              0.0000010000
   secondary criterion:                              0.0010000000

 Mix parameter (when DIIS does not apply):           0.2000000000
 Mixed ADIIS+SDIIS will be used                  
    Max number of expansion vectors:                10
    Pure ADIIS when Max([F,P]) is above              0.1000000000
    Pure SDIIS when Max([F,P]) is below              0.0010000000
 Automatic ElectronSmearing (in case of problematic SCF convergence) disabled



 =================
 P R E C I S I O N  ***  (General: NumInt, NeglectFunctionTails, ...)  ***
 =================
  

 NumInt:           Target precision:                 8.0000000000
 -------           Initial precision:                8.0000000000
                   Min. precision (optimization):    8.0000000000

 Neglect Functions:          Basis functions:        0.1000000000E-09
 ------------------          Fit functions:          0.1000000000E-09



 ===========================
 L I N E A R   S C A L I N G
 ===========================
  

 Cut-off radii density fit:                        0.1000000000E-11
 Overlap cut-off criterion AO matrix elements:     0.1000000000E-09
 Cut-offs for Coulomb potential and fitted density:0.1000000000E-11
 Cut-off criterion for Coulomb multipole terms:    0.1000000000E-11
 Progressive Convergence parameter:                 0.000000000    
1
 ***************************************************************************************************



                                            ***************************
                                            *  C O M P U T A T I O N  *
                                            ***************************
  

 Number of elements of the density matrix on this node (used, total):       351      1378



 ===========================================
 Numerical Integration : Fuzzy Cells (Becke)
 ===========================================
  
 Becke grid quality: VERYGOOD       
  
 Lebedev angular grid order:             min:  13 max:  41
 Nr. of radial points:                   min:  64 max:  72

 Total nr. of points:      94294
 Nr. of blocks:              737
 Block length:               128
 Nr. of dummy points:         42


 Test of Precision of the Numerical Integration Grid
 ===================================================

 Integral of the Total Core Density:                   0.00000000000000



 ========================
 Density Fitting (zlmFit)
 ========================
  
 ZlmFit Fit Quality: VERYGOOD       
  
 Max L-expansion:                        min:   9 max:  10
 Nr. of radial interpolation points:     min: 120 max: 180



 =====
 S C F  ***  ScaSCF  ***
 =====
  
 Initial density matrix is calculated as sum of fragments

 CYCLE    1
 SCF Error: norm([F,P])=      3.097123309113, max([F,P])=      1.499031424034
 orbitals (Q,E):
 ---------------
 A :1...18           ( 2.00   -19.0143)  ( 2.00   -10.1619)  ( 2.00    -1.1358)  ( 2.00    -0.6969)
                     ( 2.00    -0.5704)  ( 2.00    -0.5552)  ( 2.00    -0.4904)  ( 2.00    -0.3707)
                     ( 0.00    -0.2021)  ( 0.00    -0.0319)  ( 0.00     0.0138)  ( 0.00     0.0326)
                     ( 0.00     0.1158)  ( 0.00     0.1189)  ( 0.00     0.1723)  ( 0.00     0.2586)
                     ( 0.00     0.2704)  ( 0.00     0.3261)

 CYCLE    2
   MIX coefficients:  0.8000  0.2000
 SCF Error: norm([F,P])=      0.593665884122, max([F,P])=      0.209372389088
 orbitals (Q,E):
 ---------------
 A :1...9            ( 2.00   -18.8881)  ( 2.00   -10.1129)  ( 2.00    -1.0687)  ( 2.00    -0.6629)
                     ( 2.00    -0.5316)  ( 2.00    -0.4921)  ( 2.00    -0.4358)  ( 2.00    -0.3135)
                     ( 0.00    -0.1634)

 CYCLE    3
  SDIIS (wt  0.000): -0.4039  1.4039
 A-DIIS (wt  1.000):  0.0000  1.0000
  DIIS coefficients:  0.0000  1.0000
 SCF Error: norm([F,P])=      0.234945702719, max([F,P])=      0.080529525497
 orbitals (Q,E):
 ---------------
 A :1...9            ( 2.00   -18.6663)  ( 2.00    -9.9074)  ( 2.00    -0.9081)  ( 2.00    -0.5411)
                     ( 2.00    -0.4074)  ( 2.00    -0.3414)  ( 2.00    -0.3123)  ( 2.00    -0.1761)
                     ( 0.00    -0.0530)

 CYCLE    4
  SDIIS (wt  0.000):  0.3319  0.1262  0.5419
 A-DIIS (wt  1.000): -0.0000  0.6843  0.3157
  DIIS coefficients: -0.0000  0.6843  0.3157
 SCF Error: norm([F,P])=      0.413052166228, max([F,P])=      0.141248603414
 orbitals (Q,E):
 ---------------
 A :1...9            ( 2.00   -18.8044)  ( 2.00    -9.9635)  ( 2.00    -0.9731)  ( 2.00    -0.5644)
                     ( 2.00    -0.4333)  ( 2.00    -0.3994)  ( 2.00    -0.3627)  ( 2.00    -0.2261)
                     ( 0.00    -0.0891)

 CYCLE    5
  SDIIS (wt  0.450): -0.1746  0.5445  0.0657  0.5644
 A-DIIS (wt  0.550):  0.0000  0.0000  0.0000  1.0000
  DIIS coefficients: -0.0785  0.2450  0.0296  0.8040
 SCF Error: norm([F,P])=      0.117543607731, max([F,P])=      0.055458442218
 orbitals (Q,E):
 ---------------
 A :1...9            ( 2.00   -18.7889)  ( 2.00   -10.0462)  ( 2.00    -0.9837)  ( 2.00    -0.5936)
                     ( 2.00    -0.4586)  ( 2.00    -0.4041)  ( 2.00    -0.3726)  ( 2.00    -0.2298)
                     ( 0.00    -0.1072)

 CYCLE    6
  SDIIS (wt  0.000):  0.0234  0.0297 -0.0228  0.5714  0.3982
 A-DIIS (wt  1.000):  0.0000  0.0000  0.0000  0.6549  0.3451
  DIIS coefficients:  0.0000  0.0000  0.0000  0.6549  0.3451
 SCF Error: norm([F,P])=      0.196416310749, max([F,P])=      0.103532349694
 orbitals (Q,E):
 ---------------
 A :1...9            ( 2.00   -18.8213)  ( 2.00   -10.0251)  ( 2.00    -0.9921)  ( 2.00    -0.5889)
                     ( 2.00    -0.4557)  ( 2.00    -0.4151)  ( 2.00    -0.3786)  ( 2.00    -0.2396)
                     ( 0.00    -0.1084)

 CYCLE    7
  SDIIS (wt  0.906): -0.0298  0.0501  0.0661  0.1279 -0.0771  0.8627
 A-DIIS (wt  0.094):  0.0000  0.0000  0.0000  0.0024  0.0000  0.9976
  DIIS coefficients: -0.0270  0.0454  0.0599  0.1162 -0.0699  0.8754
 SCF Error: norm([F,P])=      0.035243720711, max([F,P])=      0.010288446002
 orbitals (Q,E):
 ---------------
 A :1...9            ( 2.00   -18.8075)  ( 2.00   -10.0063)  ( 2.00    -0.9833)  ( 2.00    -0.5821)
                     ( 2.00    -0.4492)  ( 2.00    -0.4079)  ( 2.00    -0.3714)  ( 2.00    -0.2336)
                     ( 0.00    -0.1016)

 CYCLE    8
  SDIIS (wt  0.998): -0.0048  0.0077  0.0068  0.0386  0.0017  0.2111  0.7390
 A-DIIS (wt  0.002):  0.0000  0.0000  0.0000  0.0000  0.0000  0.0000  1.0000
  DIIS coefficients: -0.0048  0.0077  0.0068  0.0385  0.0017  0.2106  0.7396
 SCF Error: norm([F,P])=      0.004052910711, max([F,P])=      0.001219519836
 orbitals (Q,E):
 ---------------
 A :1...9            ( 2.00   -18.8089)  ( 2.00   -10.0082)  ( 2.00    -0.9842)  ( 2.00    -0.5827)
                     ( 2.00    -0.4497)  ( 2.00    -0.4086)  ( 2.00    -0.3722)  ( 2.00    -0.2342)
                     ( 0.00    -0.1022)

 CYCLE    9
  SDIIS (wt  1.000): -0.0002  0.0002  0.0004  0.0017  0.0001  0.0202  0.1207  0.8569
  DIIS coefficients: -0.0002  0.0002  0.0004  0.0017  0.0001  0.0202  0.1207  0.8569
 SCF Error: norm([F,P])=      0.000132082687, max([F,P])=      0.000066375038
 orbitals (Q,E):
 ---------------
 A :1...9            ( 2.00   -18.8089)  ( 2.00   -10.0082)  ( 2.00    -0.9842)  ( 2.00    -0.5827)
                     ( 2.00    -0.4497)  ( 2.00    -0.4086)  ( 2.00    -0.3721)  ( 2.00    -0.2341)
                     ( 0.00    -0.1022)

 CYCLE   10
  SDIIS (wt  1.000):  0.0000 -0.0000 -0.0000  0.0001  0.0001  0.0005  0.0058  0.0871  0.9065
  DIIS coefficients:  0.0000 -0.0000 -0.0000  0.0001  0.0001  0.0005  0.0058  0.0871  0.9065
 SCF Error: norm([F,P])=      0.000005374795, max([F,P])=      0.000001949674
 orbitals (Q,E):
 ---------------
 A :1...9            ( 2.00   -18.8089)  ( 2.00   -10.0082)  ( 2.00    -0.9842)  ( 2.00    -0.5827)
                     ( 2.00    -0.4497)  ( 2.00    -0.4086)  ( 2.00    -0.3721)  ( 2.00    -0.2341)
                     ( 0.00    -0.1022)

 CYCLE   11
  SDIIS (wt  1.000):  0.0000 -0.0000 -0.0000 -0.0000 -0.0000 -0.0002 -0.0010  0.0024  0.1828  0.8160
  DIIS coefficients:  0.0000 -0.0000 -0.0000 -0.0000 -0.0000 -0.0002 -0.0010  0.0024  0.1828  0.8160
 SCF Error: norm([F,P])=      0.000002476727, max([F,P])=      0.000001320500
 orbitals (Q,E):
 ---------------
 A :1...9            ( 2.00   -18.8089)  ( 2.00   -10.0082)  ( 2.00    -0.9842)  ( 2.00    -0.5827)
                     ( 2.00    -0.4497)  ( 2.00    -0.4086)  ( 2.00    -0.3721)  ( 2.00    -0.2341)
                     ( 0.00    -0.1022)

 CYCLE   12
  SDIIS (wt  1.000): -0.0000 -0.0000 -0.0000 -0.0000 -0.0000 -0.0001 -0.0003  0.0173  0.1310  0.8520
  DIIS coefficients: -0.0000 -0.0000 -0.0000 -0.0000 -0.0000 -0.0001 -0.0003  0.0173  0.1310  0.8520
 SCF Error: norm([F,P])=      0.000000119147, max([F,P])=      0.000000046106
 orbitals (Q,E):
 ---------------
 A :1...9            ( 2.00   -18.8089)  ( 2.00   -10.0082)  ( 2.00    -0.9842)  ( 2.00    -0.5827)
                     ( 2.00    -0.4497)  ( 2.00    -0.4086)  ( 2.00    -0.3721)  ( 2.00    -0.2341)
                     ( 0.00    -0.1022)

 SCF CONVERGED

 CYCLE   13
1
 ***************************************************************************************************



                                                *******************
                                                *  R E S U L T S  *
                                                *******************
  
 *** Using FIT density in Focky
  SDIIS (wt  1.000):  0.0000  0.0000 -0.0000  0.0000 -0.0000 -0.0001  0.0056  0.1053  0.8891
  DIIS coefficients:  0.0000  0.0000 -0.0000  0.0000 -0.0000 -0.0001  0.0056  0.1053  0.8891
 SCF Error: norm([F,P])=      0.000000012656, max([F,P])=      0.000000003130

 Scaled ZORA Orbital Energies, per Irrep and Spin:
 =================================================
                        Occup              E (au)              E (eV)       Diff (eV) with prev. cycle
                        -----      --------------------        ------       --------------------------
 A
               1        2.000     -0.18808887832758E+02      -511.816               6.03E-08
               2        2.000     -0.10008189165158E+02      -272.337               5.56E-09
               3        2.000     -0.98418725870638E+00       -26.781               5.22E-08
               4        2.000     -0.58268248448678E+00       -15.856               5.86E-08
               5        2.000     -0.44973531038273E+00       -12.238               3.68E-08
               6        2.000     -0.40862237995822E+00       -11.119               1.84E-08
               7        2.000     -0.37214249896515E+00       -10.127               4.91E-08
               8        2.000     -0.23413900008448E+00        -6.371               4.06E-08
               9        0.000     -0.10220587645181E+00        -2.781
              10        0.000      0.70761958461337E-02         0.193
              11        0.000      0.51983073851605E-01         1.415
              12        0.000      0.86048131183957E-01         2.341
              13        0.000      0.15990391186822E+00         4.351
              14        0.000      0.17581362586070E+00         4.784
              15        0.000      0.24084009113370E+00         6.554
              16        0.000      0.32213359304059E+00         8.766
              17        0.000      0.35632829752681E+00         9.696
              18        0.000      0.42575366838998E+00        11.585
  
 HOMO :        8 A                -0.23413900008448E+00
 LUMO :        9 A                -0.10220587645181E+00
  


 All Electron Calculation, thus no Orbital Energies of the Core Orbitals are calculated


 Fit test: (difference of exact and fit density, squared integrated, result summed over spins)
         Sum-of-Fragments:                             0.00000000033124
         Orthogonalized Fragments:                     0.00000111791327
         SCF:                                          0.00000219257973



 ==========================
 Electron Density at Nuclei
 ==========================
  
 The electron density is calculated at points on a small sphere around the center of a nucleus.
 The printed electron density is the average electron density on these points.
 The radius of the sphere is the printed approximate finite nuclear radius.
 Note: ZORA-4 density is used, which includes small component density

         Atom        Nuclear Radius (Angstrom)             Electron Density (a.u.)
         ----        -------------------------             -----------------------
     1)   C                 0.0000320678                              127.22887
     2)   O                 0.0000345546                              314.14790
     3)   H                 0.0000181514                                0.49554
     4)   H                 0.0000181514                                0.49554



 =======================================
 M U L L I K E N   P O P U L A T I O N S
 =======================================
  
 The survey below gives for each atom:
 a) the total charge (Z minus electrons)
 b) the net spin polarization (nr of electrons spin-A minus spin-B)
 c) for each spin the atomic electron valence density (integrated) per L-value.

 Atom              Charge    Spin density          S         P         D         F
 ----              ------    ------------       ------    ------    ------    ------
 1 C               0.6945                       2.9479    2.2606    0.0970    0.0000
 2 O              -0.4378                       3.8388    4.5427    0.0564    0.0000
 3 H              -0.1283                       1.0679    0.0604    0.0000    0.0000
 4 H              -0.1283                       1.0679    0.0604    0.0000    0.0000

 Populations of individual BAS functions
 ----------------------------------------
 1 C            0.4981  1.5005  0.0480  0.9605 -0.0593 -0.0002 -0.3280 -0.0595  0.5397  0.9316
                0.6505  0.1139  0.1944  0.2183 -0.0106  0.0000  0.0156  0.0069  0.0589  0.0262
 2 O            0.6896  1.2538  0.0266  1.0450  0.8238  0.2137  0.3384  0.2704  0.7348  0.9832
                0.8782  0.3365  0.5286  0.2589  0.0019  0.0000  0.0220 -0.0107  0.0159  0.0272
 3 H            0.1382  0.6141  0.3156  0.0120  0.0290  0.0194
 4 H            0.1382  0.6141  0.3156  0.0120  0.0290  0.0194

 Gross Charges per Atom (Z minus electrons)
 ==========================================
             0.6945   -0.4378   -0.1283   -0.1283
 Net Total: -0.00000000


 Atom-Atom Population Matrix (off-diagonal elements not doubled)
 ===============================================================

     1 :     3.9772
     2 :     0.5858    7.9537
     3 :     0.3713   -0.0508    1.0354
     4 :     0.3713   -0.0508   -0.2276    1.0354



 =================================================
 H I R S H F E L D   C H A R G E   A N A L Y S I S
 =================================================
  
 For each fragment: the (numerical) integral of rho(scf) * rho(fragment)/rho(sum-of-fragments)
 (nuclear charges are included, electrons are counted negative)

 The fragments and their ordering are defined in the early G E O M E T R Y output section.
 If you use single-atom fragments, this usually implies that all atoms of the same
 chemical type are grouped together. This may not be the order in which you listed them
 in the input file!

    1  C                         0.1025
    2  O                        -0.1987
    3  H                         0.0481
    4  H                         0.0481

 Sum of these charges (accuracy NumInt/Tails) =          -0.00000181



 =============================
 V O R O N O I   C H A R G E S
 =============================
  
 For each atom: the (numerical) integral of the total electronic charge density in its Voronoi cell,
 i.e. the region of space that is closer to that atom than to any other atom.
 (cf. Wigner-Seitz cells in crystals)

 Within the Voronoi cell the subintegrals over the atomic sphere and the remaining part are evaluated
 separately to give the numbers of electrons (negative charge) in these regions.
 The net total charge in the cell (including the nuclear charge) is also given.

 Values are provided for
    a) the Initial (sum-of-fragments) density
    b) the Orthogonalized-Fragments density
    c) the SCF density
    d) the Voronoi Deformation Density (VDD): the difference SCF-Initial for the complete atomic cell


  Atom                Initial                    OrthFrag                   SCF
             Sphere RestCell NetTotal   Sphere RestCell NetTotal   Sphere RestCell NetTotal      VDD
 -----       ------------------------   ------------------------   ------------------------    -----
    1 C      -2.154   -2.758    1.088   -2.250   -2.873    0.877   -2.173   -2.633    1.195    0.107
    2 O      -3.340   -4.785   -0.125   -3.563   -4.560   -0.123   -3.370   -4.967   -0.336   -0.211
    3 H      -0.077   -1.409   -0.487   -0.097   -1.283   -0.381   -0.113   -1.319   -0.432    0.055
    4 H      -0.077   -1.399   -0.476   -0.097   -1.276   -0.374   -0.113   -1.313   -0.426    0.050
 ---------------------------------------------------------------------------------------------------
 Total NetCharge:              -0.000                     -0.000                     -0.000    0.000
 (accuracy NumInt/Tails)

 Remark: the 'NetTotal' Voronoi charges often do not match the Mulliken and/or Hirshfeld charges very
 well. This is caused by the fact that chemically different atoms are not treated in accordance with
 their relative sizes. (Voronoi cells are defined by boundary planes halfway between the atoms.)
 However, the CHANGES in charge, comparing 'Initial' to 'SCF' for instance, do give a fair indication
 of the flow of charge caused by the relaxation from sum-of-fragments to self-consistency.

 Warning: the absolute accuracy of the VDD charges obtained using the Fuzzy Cells (Becke) integration
 scheme is much poorer than the one obtained with an 'equivalent' Voronoi integration grid. 



 =================================================================
 M U L T I P O L E   D E R I V E D   C H A R G E   A N A L Y S I S
 =================================================================

 This charge analysis uses the atomic multipoles (obtained from the fitted density) up to some level X,
 and reconstructs these multipoles exactly (up to level X) by distributing charges over all atoms.
 This is achieved by using Lagrange multipliers and a weight function to keep the multipoles local.

 Dummy atoms can be included (by setting INCDUM in MDC-block to 1) to obtain a fractional charge.
 This is generally useful and necessary only for small symmetrical molecules, when there are not
 enough degrees of freedom to reconstruct the multipoles.

 Since the atomic multipoles are reconstructed up to level X,
 the molecular multipoles are represented also up to level X.
 The recommended level is to reconstruct up to quadrupole : -> MDC-q charges.

 See: M. Swart, P.Th. van Duijnen, J.G. Snijders, J.Comput.Chem., (2001), p. 79-88.

 ------------------------------------------------------------- 
 Atomic electronic multipole moments from SCF equations (a.u.)
 ------------------------------------------------------------- 

   atom        charge        dip-x     dip-y     dip-z      quad-xx   quad-xy   quad-xz   quad-yy   quad-yz   quad-zz
 --------------------------------------------------------------------------------------------------------------------
    1 C      0.384590    -0.000000  0.000000 -0.014743    -0.291961 -0.000000  0.000000  0.126338  0.000000  0.165623
    2 O     -0.295656    -0.000000 -0.000000 -0.314031    -0.096026 -0.000000  0.000000 -0.575071 -0.000000  0.671097
    3 H     -0.044467     0.000000 -0.011856  0.010243    -0.100312  0.000000  0.000000  0.105192  0.058787 -0.004880
    4 H     -0.044467    -0.000000  0.011856  0.010243    -0.100312  0.000000 -0.000000  0.105192 -0.058787 -0.004880

 --------------------------------------- 
 Multipole derived atomic charges (a.u.)
 --------------------------------------- 

 The MDC-m charges are just the Monopole terms in the multipole expansion, while for the MDC-d charges
 also the Dipoles are reconstructed. The usually preferred charges are the MDC-q charges.
 These reconstruct the Monopoles, Dipoles and Quadrupoles (both atomic AND molecular).

        Atom    Level:     MDC-m        MDC-d        MDC-q
 ---------------------------------------------------------
     1     C            0.384590     0.420559     0.536161
     2     O           -0.295656    -0.397910    -0.453014
     3     H           -0.044467    -0.011325    -0.041573
     4     H           -0.044467    -0.011325    -0.041573

 ------------------------------------------------ 
 Average absolute deviations in atomic multipoles
 ------------------------------------------------ 

 Stated here are the average differences between the atomic multipoles
 and the reconstructed atomic multipoles (from the distributed charges).
 If these values are not zero, this means there are not enough degrees of freedom,
 to be able to reconstruct the atomic multipoles. (This usually happens only
 for small and/or highly symmetric molecules). If this is the case, one could add
 dummy atoms as extra point charges (and setting INCDUM in MDC-block to 1).

 Level:                                 MDC-d        MDC-q
 ---------------------------------------------------------
 Charge   (a.u.)                       0.0000       0.0000
 Dipole   (Debye)                      0.0000       0.0320
 Quad.    (a.u.)                       0.0767       0.0035

 --------------------------------------- 
 Represented molecular multipole moments
 --------------------------------------- 

 Given here are the Molecular multipole moments from the atomic charges, and from the Fit Density.
 Note that the atomic charges represent the latter, NOT the ones from the Exact density.

            Q (a.u.)             Dipole moment (Debye)                                          Quadrupole moment (a.u.)
                                 x         y         z              xx        xy        xz        yy        yz        zz
------------------------------------------------------------------------------------------------------------------------
MDC-m        -0.0000        0.0000   -0.0000   -1.4710          0.4067    0.0000    0.0000   -0.0228    0.0000   -0.3839
MDC-d        -0.0000        0.0000   -0.0000   -2.2546          0.2246    0.0000    0.0000    0.1152    0.0000   -0.3399
MDC-q        -0.0000        0.0000   -0.0000   -2.4043          0.4465    0.0000    0.0000    0.0450    0.0000   -0.4914
 
Fit.Dens.    -0.0000       -0.0000   -0.0000   -2.2546          0.2154   -0.0000    0.0000    0.2638    0.0000   -0.4791



 =============
 Dipole Moment  ***  (Debye)  ***
 =============
  
 Vector   :         0.00000000     -0.00000000     -2.25462537
 Magnitude:         2.25462537

 This molecular dipole moment is calculated with analytic integration



 =========================================
 Quadrupole Moment (Buckingham convention)  ***  (a.u.)  ***
 =========================================
  
      quad-xx        quad-xy        quad-xz        quad-yy        quad-yz        quad-zz
      0.21532405    -0.00000000    -0.00000000     0.26380721     0.00000000    -0.47913126

 This molecular quadrupole moment is calculated with analytic integration
1



 ===========================
 B O N D I N G   E N E R G Y  ***  (decomposition)  ***
 ===========================
  
*** IMPORTANT NOTE ***

The bond energy is computed as an energy difference between molecule and
fragments. In particular when the fragments are single atoms, they are usually
computed as SPHERICALLY SYMMETRIC and SPIN-RESTRICTED. Obviously, this usually
does NOT represent the true atomic groundstate.

To obtain the 'real' bond energy, (atomic) correction terms must be applied
for the true (multiplet) fragment ground state. See ref: E.J.Baerends,
V.Branchadell, M.Sodupe, Chem.Phys.Lett.265 (1997) 481

General theoretical background on the bond energy decomposition scheme used
here (Morokuma-Ziegler) can be found in the review paper:
F.M. Bickelhaupt and E.J. Baerends,
"Kohn-Sham Density Functional Theory: Predicting and Understanding Chemistry"
In: Rev. Comput. Chem.; Lipkowitz, K. B. and Boyd, D. B., Eds.;
Wiley-VCH: New York, 2000, Vol. 15, 1-86.

Symbols used in the Bickelhaupt-Baerends (BB) paper are given below to make
the direct connection to that paper, where detailed explanations can be found
on the meaning of the various terms.


                                                   hartree              eV         kcal/mol           kJ/mol
                                      --------------------     -----------       ----------      -----------

Pauli Repulsion
  Kinetic (Delta T^0):                   7.351065129196958        200.0327          4612.86         19300.22
  Delta V^Pauli Coulomb:                -3.682652866442495       -100.2101         -2310.90         -9668.80
  Delta V^Pauli LDA-XC:                 -0.881749464485873        -23.9936          -553.31         -2315.03
  Delta V^Pauli GGA-Exchange:            0.040398435797547          1.0993            25.35           106.07
  Delta V^Pauli GGA-Correlation:        -0.009654468382752         -0.2627            -6.06           -25.35
                                      --------------------     -----------       ----------      -----------
  Total Pauli Repulsion:                 2.817406765683385         76.6655          1767.95          7397.10
 (Total Pauli Repulsion =
  Delta E^Pauli in BB paper)

Steric Interaction
  Pauli Repulsion (Delta E^Pauli):       2.817406765683385         76.6655          1767.95          7397.10
  Electrostatic Interaction:            -0.543595078749882        -14.7920          -341.11         -1427.21
 (Electrostatic Interaction =
  Delta V_elstat in the BB paper)
                                      --------------------     -----------       ----------      -----------
  Total Steric Interaction:              2.273811686933503         61.8736          1426.84          5969.89
 (Total Steric Interaction =
  Delta E^0 in the BB paper)

Orbital Interactions
  A:                                    -3.077203634867414        -83.7350         -1930.97         -8079.20
                                      --------------------     -----------       ----------      -----------
  Total Orbital Interactions:           -3.077203634867414        -83.7350         -1930.97         -8079.20

Alternative Decomposition Orb.Int.
  Kinetic:                              -6.609285853867499       -179.8478         -4147.39        -17352.68
  Coulomb:                               3.376807076756642         91.8876          2118.98          8865.81
  XC:                                    0.155275142243444          4.2253            97.44           407.67
                                      --------------------     -----------       ----------      -----------
  Total Orbital Interactions:           -3.077203634867413        -83.7350         -1930.97         -8079.20

  Residu (E=Steric+OrbInt+Res):         -0.000000090681707         -0.0000            -0.00            -0.00

Total Bonding Energy:                   -0.803392038615617        -21.8614          -504.14         -2109.31


Summary of Bonding Energy (energy terms are taken from the energy decomposition above)
======================================================================================

  Electrostatic Energy:                 -0.543595078749882        -14.7920          -341.11         -1427.21
  Kinetic Energy:                        0.741779275329459         20.1848           465.47          1947.54
  Coulomb (Steric+OrbInt) Energy:       -0.305845880367560         -8.3225          -191.92          -803.00
  XC Energy:                            -0.695730354827634        -18.9318          -436.58         -1826.64
                                      --------------------     -----------       ----------      -----------
  Total Bonding Energy:                 -0.803392038615617        -21.8614          -504.14         -2109.31


Correction terms (incorporated in energies above; only for test purposes):

1. Indication of fit-quality: 1st-order fit-correction used in the energy (hartree):   0.0000043633
2. Electrostatic (Fit correction):   0.0000000000

Scaled ZORA energy correction, not included in bonding energy (hartree):           -0.0000278118
 NOTE: This scaled ZORA energy correction should only be used to compare two calculations
 in which the only difference in the calculation is the electron configuration.
 Then the difference in energy of this term should be added to the difference in energy of
 the two electron configurations.
 This term should not be used otherwise.
 In practice it is useful only for core excitation energy calculations.



 =========================================
 F R A G M E N T   E N E R G Y   T E R M S  ***  (summed over all fragments)  ***
 =========================================
  

The energy terms below are (parts of) the Total Energy of the fragments from which the molecule
 is built.

Exchange and Correlation
  Exchange LDA:                        -12.032265448044470       -327.4146         -7550.36        -31590.71
  Exchange GGA:                         -1.490489400742815        -40.5583          -935.30         -3913.28
  Correlation LDA:                      -1.002070844560677        -27.2677          -628.81         -2630.94
  Correlation GGA:                       0.517750382806276         14.0887           324.89          1359.35
                                      --------------------     -----------       ----------      -----------
  Total XC:                            -14.007075310541687       -381.1519         -8789.57        -36775.57
1



 =======================================================
 S F O   P O P U L A T I O N S ,   M O   A N A L Y S I S
 =======================================================
  
 A Mulliken population analysis is performed on (input-)selected MOs. All populations refer to SFOs.
 BAS populations may have been printed directly after the SCF part.


                                       === A ===


 SFO contributions (%) per orbital
 (multiplication by the orbital occupation yields the SFO Gross Populations)

 Orb.:        1      2      3      4      5      6      7      8      9     10     11     12
 occup:     2.00   2.00   2.00   2.00   2.00   2.00   2.00   2.00   0.00   0.00   0.00   0.00
 CF+SFO     ----   ----   ----   ----   ----   ----   ----   ----   ----   ----   ----   ----
 ------
      1:   -0.00  99.99   0.00   0.00   0.00   0.00   0.00   0.00  -0.00  -0.00  -0.00   0.00
      2:   -0.01   0.00  13.07  33.58   0.00  -0.15   0.00   0.00   0.00   4.78  -0.00   3.33
      3:   -0.00   0.00  -0.59   0.35   0.00   1.19   0.00   0.00   0.00 -16.96   0.00   0.33
      6:   -0.00   0.00  -0.00  -0.00  -0.00  -0.00  33.07   0.00  62.15   0.00  -0.00   0.00
      9:   -0.00  -0.00  -0.00  -0.00  38.58  -0.00  -0.00   2.07  -0.00   0.00   2.88   0.00
     10:    0.00  -0.00   0.00  -0.00  -0.42   0.00  -0.00   0.17  -0.00   0.00 -41.73   0.00
     12:   -0.00  -0.00   9.64  13.62   0.00  13.09   0.00   0.00   0.00   0.88   0.00  36.05
     13:   -0.00   0.00   0.03  -0.67  -0.00   5.28   0.00  -0.00  -0.00   0.24   0.00  61.59
     14:   -0.00   0.00  -0.34  -0.15  -0.00  -0.03  -0.00  -0.00  -0.00  -0.03  -0.00  -1.21
     15:    0.00   0.00   0.87   0.15  -0.00  -0.05  -0.00  -0.00  -0.00   0.03   0.00   1.43
     18:    0.00  -0.00   0.00  -0.00   0.00  -0.00   0.78   0.00   1.13  -0.00   0.00   0.00
     19:    0.00  -0.00   0.00  -0.00   0.01  -0.00   0.00   2.94  -0.00  -0.00   0.01   0.00
     20:  100.02  -0.00   0.00  -0.00   0.00   0.00  -0.00   0.00  -0.00  -0.00  -0.00  -0.01
     21:    0.00   0.00  66.07  10.23   0.00  15.59   0.00   0.00   0.00   0.00   0.00   2.40
     22:   -0.00   0.00  -0.12  -0.11  -0.00   0.27   0.00  -0.00  -0.00   0.10  -0.00 -14.81
     25:    0.00   0.00   0.00   0.00   0.00   0.00  64.39   0.00  35.47   0.00   0.00   0.00
     26:    0.00   0.00   0.00   0.00   0.00  -0.00  -0.14   0.00  -4.28   0.00   0.00  -0.00
     28:   -0.00   0.00  -0.00   0.00  21.85  -0.00   0.00  71.31   0.00   0.00   2.79   0.00
     29:    0.00  -0.00   0.00   0.00  -0.06   0.00   0.00  -0.61   0.00  -0.00   2.22  -0.00
     31:    0.00   0.01   7.85   5.30  -0.00  56.66  -0.00  -0.00  -0.00   1.19  -0.00   1.44
     37:    0.00  -0.00   0.00   0.00  -0.00  -0.00   1.10   0.00   0.13  -0.00  -0.00   0.00
     38:    0.00   0.00   0.00   0.00   1.06  -0.00   0.00  -0.26  -0.00   0.00   0.18   0.00
     39:    0.00  -0.00   1.32  17.08  19.54   3.44   0.00  12.78  -0.00  23.75  32.61  -0.71
     40:    0.00  -0.00  -0.15   0.25  -0.10  -0.11  -0.00  -0.40  -0.00  30.40  30.36   2.58
     41:   -0.00  -0.00  -0.01  -0.30  -0.01   0.11   0.00  -0.03   0.00  -1.11   2.80  -0.61
     42:   -0.00   0.00   0.00   0.00   0.00   0.00   0.60  -0.00   2.95  -0.00   0.00   0.00
     43:    0.00  -0.00   0.24   1.46  -0.26   0.13   0.00  -0.13  -0.00   1.57   0.54  -0.29
     44:    0.00   0.00   0.27   0.07   0.58   0.10  -0.00  -0.05  -0.00   0.16   0.14   3.63
     45:    0.00  -0.00   1.32  17.08  19.54   3.44   0.00  12.78  -0.00  23.75  32.61  -0.71
     46:    0.00  -0.00  -0.15   0.25  -0.10  -0.11   0.00  -0.40   0.00  30.40  30.36   2.58
     47:   -0.00  -0.00  -0.01  -0.30  -0.01   0.11  -0.00  -0.03   0.00  -1.11   2.80  -0.61
     48:   -0.00  -0.00   0.00   0.00   0.00  -0.00   0.60   0.00   2.95  -0.00  -0.00   0.00
     49:    0.00  -0.00   0.24   1.46  -0.26   0.13  -0.00  -0.13  -0.00   1.57   0.54  -0.29
     50:    0.00   0.00   0.27   0.07   0.58   0.10   0.00  -0.05  -0.00   0.16   0.14   3.63


 Summation over all MOs, multiplied by occupation: Total SFO Gross Populations in this Irrep
 ===========================================================================================

     2.00    0.93    0.02   -0.00   -0.00    0.66   -0.01   -0.00    0.81   -0.01   -0.01    0.73
     0.09   -0.01    0.02    0.00    0.00    0.02    0.06    2.00    1.84    0.00   -0.00   -0.00
     1.29   -0.00    0.00    1.86   -0.01    0.00    1.40    0.01   -0.00    0.02    0.00    0.00
     0.02    0.02    1.08   -0.01   -0.00    0.01    0.03    0.02    1.08   -0.01   -0.00    0.01
     0.03    0.02



 List of all MOs, ordered by energy, with the most significant SFO gross populations
 ===================================================================================

 Each percentage contribution in the table below corres ponds to the indicated SFO.
 In general, a SFO may be a linear combination of several Fragment Orbitals on the same,
 or on symmetry-related Fragments. Only the first 'member' of such a combination is
 specified here. A full definition of all SFOs is given in an earlier part of the output.
 The numbering of the SFOs in this table does NOT include the Core Orbitals, and starts
 from one for each symmetry representation, as in the SFO definition list earlier.

       E(eV)  Occ       MO           %     SFO (first member)   E(eV)  Occ   Fragment
 -------------------------------------------------------------------------------------

     -15.856  2.00     4 A         33.58%     2 S             -13.887  2.00     1 C
                                   17.08%     1 S              -6.626  1.00     3 H
                                   17.08%     1 S              -6.626  1.00     4 H
                                   13.62%     1 P:z            -5.399  0.67     1 C
                                   10.23%     2 S             -24.109  2.00     2 O
                                    5.30%     1 P:z            -9.163  1.33     2 O
                                    1.46%     1 P:y            10.872  0.00     4 H
                                    1.46%     1 P:y            10.872  0.00     3 H
     -12.238  2.00     5 A         38.58%     1 P:y            -5.399  0.67     1 C
                                   21.85%     1 P:y            -9.163  1.33     2 O
                                   19.54%     1 S              -6.626  1.00     3 H
                                   19.54%     1 S              -6.626  1.00     4 H
                                    1.06%     1 D:yz           28.890  0.00     2 O
     -11.119  2.00     6 A         56.66%     1 P:z            -9.163  1.33     2 O
                                   15.59%     2 S             -24.109  2.00     2 O
                                   13.09%     1 P:z            -5.399  0.67     1 C
                                    5.28%     2 P:z             4.710  0.00     1 C
                                    3.44%     1 S              -6.626  1.00     3 H
                                    3.44%     1 S              -6.626  1.00     4 H
                                    1.19%     3 S              10.075  0.00     1 C
     -10.127  2.00     7 A         64.39%     1 P:x            -9.163  1.33     2 O
                                   33.07%     1 P:x            -5.399  0.67     1 C
                                    1.10%     1 D:xz           28.890  0.00     2 O
      -6.371  2.00     8 A         71.31%     1 P:y            -9.163  1.33     2 O
                                   12.78%     1 S              -6.626  1.00     4 H
                                   12.78%     1 S              -6.626  1.00     3 H
                                    2.94%     1 D:yz           33.529  0.00     1 C
                                    2.07%     1 P:y            -5.399  0.67     1 C
      -2.781  0.00     9 A         62.15%     1 P:x            -5.399  0.67     1 C
                                   35.47%     1 P:x            -9.163  1.33     2 O
                                   -4.28%     2 P:x             9.658  0.00     2 O
                                    2.95%     1 P:x            10.872  0.00     4 H
                                    2.95%     1 P:x            10.872  0.00     3 H
                                    1.13%     1 D:xz           33.529  0.00     1 C
       0.193  0.00    10 A         30.40%     2 S               2.536  0.00     3 H
                                   30.40%     2 S               2.536  0.00     4 H
                                   23.75%     1 S              -6.626  1.00     3 H
                                   23.75%     1 S              -6.626  1.00     4 H
                                  -16.96%     3 S              10.075  0.00     1 C
                                    4.78%     2 S             -13.887  2.00     1 C
                                    1.57%     1 P:y            10.872  0.00     4 H
                                    1.57%     1 P:y            10.872  0.00     3 H
                                    1.19%     1 P:z            -9.163  1.33     2 O
                                   -1.11%     3 S              41.229  0.00     4 H
                                   -1.11%     3 S              41.229  0.00     3 H
       1.415  0.00    11 A        -41.73%     2 P:y             4.710  0.00     1 C
                                   32.61%     1 S              -6.626  1.00     3 H
                                   32.61%     1 S              -6.626  1.00     4 H
                                   30.36%     2 S               2.536  0.00     3 H
                                   30.36%     2 S               2.536  0.00     4 H
                                    2.88%     1 P:y            -5.399  0.67     1 C
                                    2.80%     3 S              41.229  0.00     4 H
                                    2.80%     3 S              41.229  0.00     3 H
                                    2.79%     1 P:y            -9.163  1.33     2 O
                                    2.22%     2 P:y             9.658  0.00     2 O
       2.341  0.00    12 A         61.59%     2 P:z             4.710  0.00     1 C
                                   36.05%     1 P:z            -5.399  0.67     1 C
                                  -14.81%     3 S              21.442  0.00     2 O
                                    3.63%     1 P:z            10.872  0.00     3 H
                                    3.63%     1 P:z            10.872  0.00     4 H
                                    3.33%     2 S             -13.887  2.00     1 C
                                    2.58%     2 S               2.536  0.00     4 H
                                    2.58%     2 S               2.536  0.00     3 H
                                    2.40%     2 S             -24.109  2.00     2 O
                                    1.44%     1 P:z            -9.163  1.33     2 O
                                    1.43%     1 D:z2           33.529  0.00     1 C
                                   -1.21%     3 P:z            55.111  0.00     1 C

 Energy gradients wrt nuclear displacements
 ==========================================

     Atom      Cartesian (a.u./angstrom)
                 X         Y         Z
 ----------------------------------------
     1 C     0.000000  0.000000 -0.000093
     2 O     0.000000 -0.000000  0.000018
     3 H    -0.000000 -0.000044  0.000038
     4 H    -0.000000  0.000044  0.000038
 ----------------------------------------



 =======================================================================
 Electrostatic potential at the Nuclei due to electrons and other nuclei
 =======================================================================
  
         Atom                  Potential
         ----                  ---------
     1)   C                  14.69775865
     2)   O                  22.37969458
     3)   H                   1.07721285
     4)   H                   1.07721285

=============================================================
=== CALCULATE ANALYTICAL SECOND DERIVATIVES OF THE ENERGY ===
=============================================================

                  ------------------------------------------------
                  
                  This Analytical Second Derivatives Progam    
                            was written for ADF by             
                  
                                Stephen K. Wolff               
                  
                         Scientific Computing & Modelling      
                  
                                Vrije University
                              Theoretical Chemistry
                                De Boelelaan 1083
                                1081 HV Amsterdam
                                 The Netherlands
                  
                  ------------------------------------------------
                  
                                    References:                
                                    ===========                
                  
                   Attila Berces, Ross M. Dickson, Liangyou Fan
                   Heiko Jacobsen, David Swerhone, Tom Ziegler,
                   Computer Physics Communications 100 (1997) 247.
                  
                   Heiko Jacobsen, Attila Berces
                   David Swerhone, Tom Ziegler,
                   Computer Physics Communications 100 (1997) 263.
                  
                   Stephen K. Wolff
                   Int. J. Quantum Chem. 104 (2005) 645.
                  
                  ------------------------------------------------
                  
              <><><><><><><><><><><><><><><><><><><><><><><><><>
 
                 SECOND DERIVATIVES INFORMATION:
                 -------------------------------
 
                 === PRINT
 
                   EIGS,  lprint_eigbas =  F
                   U1,    lprint_u1     =  F
                   PARTS, lprint_parts  =  F
 
                 === DEBUG
 
                   ALL        =  F
                   B1         =  F
                   DENSITIES  =  F
                   FIT        =  F
                   HESSIAN    =  F
                   NUMBERS    =  F
                   SYMMETRY   =  F
                   U1         =  F
 
                 === CPKS
 
                   MAX_CPKS_ITERATIONS    =    20
                   U1_ACCURACY PARAMETER  =     5.00
                   U1 ACCURACY            =     0.0000100
 

                 Estimated peak private memory usage    100 MB per process
                                 shared memory usage     99 MB per node

              <><><><><><><><><><><><><><><><><><><><><><><><><>

######## LOOPING OVER NUCLEI ########

==========================
###### NUCLEUS:     1  C  
==========================

====================  solving CPKS equations  ====================

NUCLEUS  COORD.    ITERATION   ACCURACY
-------  ------    ---------   --------
    1       1          1       0.13600435D-01
    1       1          2       0.52654582D-03
    1       1          3       0.30360018D-04
    1       1          4       0.59074119D-05
*** CPKS converged.
----------------------------------------------
    1       2          1       0.20053071D-01
    1       2          2       0.14601348D-02
    1       2          3       0.24854330D-03
    1       2          4       0.47065047D-04
    1       2          5       0.43861836D-05
*** CPKS converged.
----------------------------------------------
    1       3          1       0.19693976D+00
    1       3          2       0.83559914D-02
    1       3          3       0.30329661D-02
    1       3          4       0.52804153D-03
    1       3          5       0.51136024D-04
    1       3          6       0.88252303D-05
*** CPKS converged.
----------------------------------------------

====================  end of solving CPKS equations  ====================

==========================
###### NUCLEUS:     2  O  
==========================

====================  solving CPKS equations  ====================

NUCLEUS  COORD.    ITERATION   ACCURACY
-------  ------    ---------   --------
    2       1          1       0.15699071D-01
    2       1          2       0.35996076D-03
    2       1          3       0.15286487D-03
    2       1          4       0.60374441D-05
*** CPKS converged.
----------------------------------------------
    2       2          1       0.38854821D-02
    2       2          2       0.24085117D-03
    2       2          3       0.41084184D-04
    2       2          4       0.10231923D-04
    2       2          5       0.16459530D-05
*** CPKS converged.
----------------------------------------------
    2       3          1       0.12271621D+00
    2       3          2       0.10742375D-01
    2       3          3       0.23618896D-02
    2       3          4       0.42728605D-03
    2       3          5       0.41295865D-04
    2       3          6       0.51208549D-05
*** CPKS converged.
----------------------------------------------

====================  end of solving CPKS equations  ====================

==========================
###### NUCLEUS:     3  H  
==========================

====================  solving CPKS equations  ====================

NUCLEUS  COORD.    ITERATION   ACCURACY
-------  ------    ---------   --------
    3       1          1       0.18232127D-01
    3       1          2       0.35993511D-03
    3       1          3       0.49298889D-04
    3       1          4       0.87137535D-05
*** CPKS converged.
----------------------------------------------
    3       2          1       0.22140293D-01
    3       2          2       0.51607672D-02
    3       2          3       0.87588138D-03
    3       2          4       0.28627748D-03
    3       2          5       0.25902527D-04
    3       2          6       0.51981288D-05
*** CPKS converged.
----------------------------------------------
    3       3          1       0.38622133D-01
    3       3          2       0.33919500D-02
    3       3          3       0.69832690D-03
    3       3          4       0.19670994D-03
    3       3          5       0.21416388D-04
    3       3          6       0.38875191D-05
*** CPKS converged.
----------------------------------------------

====================  end of solving CPKS equations  ====================

==========================
###### NUCLEUS:     4  H  
==========================

====================  solving CPKS equations  ====================

NUCLEUS  COORD.    ITERATION   ACCURACY
-------  ------    ---------   --------
    4       1          1       0.18232127D-01
    4       1          2       0.35993553D-03
    4       1          3       0.49298891D-04
    4       1          4       0.87137455D-05
*** CPKS converged.
----------------------------------------------
    4       2          1       0.22140293D-01
    4       2          2       0.51607674D-02
    4       2          3       0.87588139D-03
    4       2          4       0.28627750D-03
    4       2          5       0.25902541D-04
    4       2          6       0.51981305D-05
*** CPKS converged.
----------------------------------------------
    4       3          1       0.38622134D-01
    4       3          2       0.33919500D-02
    4       3          3       0.69832693D-03
    4       3          4       0.19670994D-03
    4       3          5       0.21416388D-04
    4       3          6       0.38875193D-05
*** CPKS converged.
----------------------------------------------

====================  end of solving CPKS equations  ====================


====================================================================
*** DONE CALCULATING ANALYTICAL SECOND DERIVATIVES OF THE ENERGY ***
====================================================================

 Mulliken charges used for AMS results%charges...
Scanning modes in range provided by user.


    =====================
     CALCULATION RESULTS
    =====================

Energy (hartree)            -0.80339204

Gradients (hartree/bohr)
  Index   Atom            d/dx            d/dy            d/dz
      1      C    0.0000000000    0.0000000000   -0.0000493853
      2      O    0.0000000000   -0.0000000000    0.0000095475
      3      H   -0.0000000000   -0.0000234750    0.0000199175
      4      H   -0.0000000000    0.0000234750    0.0000199203

 Symmetry: C(2V)

 -----------------------
 Normal Mode Frequencies
 -----------------------

 Index   Frequency (cm-1)   Intensity (km/mol)   Irrep
     7          1151.1943               3.3957      B1
     8          1220.7595               8.7170      B2
     9          1476.1000              10.6786      A1
    10          1745.5596             105.5490      A1
    11          2784.4259              78.7706      A1
    12          2834.9666             152.1392      B2

 Zero-point energy (Hartree):     0.0255

 ------------
 Normal Modes
 ------------

 Number of removed rigid normal modes: 6
 
 Mode:     7      Frequency (cm-1):     1151.1943     Intensity (km/mol):        3.3957     Irrep: B1
 Index  Atom      ---- Displacements (x/y/z) ----
     1     C      -0.173655   0.000000   0.000000
     2     O       0.042611  -0.000000   0.000000
     3     H       0.695711  -0.000000   0.000000
     4     H       0.695711  -0.000000  -0.000000
 
 Mode:     8      Frequency (cm-1):     1220.7595     Intensity (km/mol):        8.7170     Irrep: B2
 Index  Atom      ---- Displacements (x/y/z) ----
     1     C      -0.000000  -0.147094   0.000000
     2     O       0.000000   0.079394   0.000000
     3     H       0.000000   0.245695  -0.652431
     4     H       0.000000   0.245692   0.652428
 
 Mode:     9      Frequency (cm-1):     1476.1000     Intensity (km/mol):       10.6786     Irrep: A1
 Index  Atom      ---- Displacements (x/y/z) ----
     1     C       0.000000   0.000000  -0.008487
     2     O      -0.000000  -0.000000   0.083712
     3     H      -0.000000   0.346064  -0.613757
     4     H      -0.000000  -0.346066  -0.613760
 
 Mode:    10      Frequency (cm-1):     1745.5596     Intensity (km/mol):      105.5490     Irrep: A1
 Index  Atom      ---- Displacements (x/y/z) ----
     1     C      -0.000000  -0.000000  -0.583097
     2     O       0.000000   0.000000   0.406731
     3     H       0.000000  -0.433377   0.243860
     4     H       0.000000   0.433378   0.243861
 
 Mode:    11      Frequency (cm-1):     2784.4259     Intensity (km/mol):       78.7706     Irrep: A1
 Index  Atom      ---- Displacements (x/y/z) ----
     1     C      -0.000000   0.000002  -0.054798
     2     O       0.000000  -0.000000  -0.002736
     3     H       0.000000   0.614342   0.347944
     4     H       0.000000  -0.614359   0.347953
 
 Mode:    12      Frequency (cm-1):     2834.9666     Intensity (km/mol):      152.1392     Irrep: B2
 Index  Atom      ---- Displacements (x/y/z) ----
     1     C       0.000000   0.102221   0.000001
     2     O      -0.000000  -0.000885   0.000000
     3     H      -0.000000  -0.601549  -0.364594
     4     H      -0.000000  -0.601530   0.364584

PES point character: Geometry corresponds to a local minimum on the PES.




 ============================
 Statistical Thermal Analysis  ***  ideal gas assumed  ***
 ============================
  
 Pressure:                  1.000000 atm.
 Temperature:             298.150000 K



 Moments of Inertia [amu*bohr^2] and principal axis
 ==================================================

           6.4891         47.0862         53.5752
 ------------------------------------------------
           0.0000          0.0000          1.0000
           0.0000          1.0000          0.0000
           1.0000          0.0000          0.0000


 The rotational contribution to the molecular entropy includes
 a term, dependent on the symmetry number sigma. The results 
 reported below were computed using sigma = 2, determined from
 the point group symmetry of the input geometry (C(2V)). 
 If this is not the correct symmetry, try symmetrizing the molecule before
 running the calculation (note: linear molecules should be aligned along one
 of the Cartesian axes).
 Contributions from frequencies below 20 1/cm are not included in vibrational sums.
 Their contributions, if any, are reported separately.


     Temp                                                        Transl      Rotat     Vibrat     Total
     ----                                                        ------      -----     ------     -----

     298.15   Entropy (cal/mol-K):                               36.130     16.067      0.106     52.303
              Nuclear Internal Energy (kcal/mol):                 0.889      0.889     16.057     17.834
              Constant Volume Heat Capacity (cal/mol-K):          2.981      2.981      0.544      6.506
          (c) Constant Volume Heat Capacity (cal/mol-K):          2.981      2.981      0.544      6.506

       Summary of energy terms
                                                   hartree              eV         kcal/mol           kJ/mol
                                      --------------------     -----------       ----------      -----------
      Energy from Engine:               -0.803392038615617        -21.8614          -504.14         -2109.31
      Nuclear Internal Energy:           0.028420651834575          0.7734            17.83            74.62
  (c) Nuclear Internal Energy:           0.028420305771855          0.7734            17.83            74.62
      Internal Energy U:                -0.774971386781043        -21.0880          -486.30         -2034.69
      pV/n = RT:                         0.000944186013486          0.0257             0.59             2.48
      Enthalpy H:                       -0.774027200767557        -21.0624          -485.71         -2032.21
      -T*S:                             -0.024850660537615         -0.6762           -15.59           -65.25
  (c) -T*S:                             -0.024850678828005         -0.6762           -15.59           -65.25
      Gibbs free energy:                -0.798877861305171        -21.7386          -501.30         -2097.45
 
 
 
  (c) The properties marked with this symbol have been corrected using 'low vibrational frequency free rotor
      interpolation corrections'. For those terms all positive frequencies are used (also ones below 20 1/cm),
      but the contribution to the partition function of small vibrational frequencies is modified as described
      in the following paper:
      S. Grimme, 'Supramolecular Binding Thermodynamics by Dispersion-Corrected Density Functional Theory'
      (Chem. Eur. J. 2012, 18, 9955-9964)
      Configuration: Dampener Frequency          :   100.000 1/cm
                     Dampener Alpha              :     4.000
                     Averaging Moment of Inertia : 1.000E-44 kg m2

--------------
Atomic charges
--------------
  Index   Atom    Charge
      1      C    0.6945
      2      O   -0.4378
      3      H   -0.1283
      4      H   -0.1283


Dipole moment vector    (Debye):     0.00000000   -0.00000000   -2.25462537
              magnitude (Debye):     2.25462537


AMS application finished. Exiting.
NORMAL TERMINATION
     Total cpu time:      28.08
  Total system time:       1.67
 Total elapsed time:      31.01
NORMAL TERMINATION
