   This copy of MOLCAS is licensed to  Jochen  Autschbach
                                                                                                   
                                              ^^^^^            M O L C A S                         
                                             ^^^^^^^           version v7.9.13-10-02-1248-g5d81d43    
                               ^^^^^         ^^^^^^^                                               
                              ^^^^^^^        ^^^ ^^^                                               
                              ^^^^^^^       ^^^^ ^^^                                               
                              ^^^ ^^^       ^^^^ ^^^                                               
                              ^^^ ^^^^      ^^^  ^^^                                               
                              ^^^  ^^ ^^^^^  ^^  ^^^^                                              
                             ^^^^      ^^^^   ^   ^^^                                              
                             ^   ^^^   ^^^^   ^^^^  ^                                              
                            ^   ^^^^    ^^    ^^^^   ^                                             
                        ^^^^^   ^^^^^   ^^   ^^^^^   ^^^^^                                         
                     ^^^^^^^^   ^^^^^        ^^^^^    ^^^^^^^                                      
                 ^^^^^^^^^^^    ^^^^^^      ^^^^^^^   ^^^^^^^^^^^                                  
               ^^^^^^^^^^^^^   ^^^^^^^^^^^^^^^^^^^^   ^^^^^^^^^^^^^                                
               ^^^^^^^^^^^^^   ^^^^             ^^^   ^^^      ^^^^                                
               ^^^^^^^^^^^^^                          ^^^      ^^^^                                
               ^^^^^^^^^^^^^       ^^^^^^^^^^^^        ^^      ^^^^                                
               ^^^^^^^^^^^^      ^^^^^^^^^^^^^^^^      ^^      ^^^^                                
               ^^^^^^^^^^^^    ^^^^^^^^^^^^^^^^^^^^    ^^      ^^^^                                
               ^^^^^^^^^^^^    ^^^^^^^^^^^^^^^^^^^^    ^^      ^^^^    ^^^^^     ^^^    ^^^^^^     
               ^^^^^^^^^^^^   ^^^^^^^^^^^^^^^^^^^^^^   ^^      ^^^^   ^^^^^^^    ^^^   ^^^  ^^^    
               ^^^^^^^^^^^    ^^^^^^^^^^^^^^^^^^^^^^   ^       ^^^^  ^^^    ^^   ^^^   ^^    ^^    
               ^^^^^^^^^^^     ^^^^^^^^^^^^^^^^^^^^            ^^^^  ^^         ^^ ^^  ^^^^^       
               ^^^^^^^^^^      ^^^^^^^^^^^^^^^^^^^^        ^   ^^^^  ^^         ^^ ^^   ^^^^^^     
               ^^^^^^^^          ^^^^^^^^^^^^^^^^          ^   ^^^^  ^^        ^^^^^^^     ^^^^    
               ^^^^^^      ^^^     ^^^^^^^^^^^^     ^      ^   ^^^^  ^^^   ^^^ ^^^^^^^ ^^    ^^    
                         ^^^^^^                    ^^      ^   ^^^^   ^^^^^^^  ^^   ^^ ^^^  ^^^    
                      ^^^^^^^^^^^^             ^^^^^^      ^           ^^^^^  ^^     ^^ ^^^^^^     
               ^^^^^^^^^^^^^^^^^^^^^^^^^^^^^^^^^^^^^^^^^^^^^^^^^^^^                                
                 ^^^^^^^^^^^^^^^^^^^^^^^^^^^^^^^^^^^^^^^^^^^^^^^^                                  
                     ^^^^^^^^^^^^^^^^^^^^^^^^^^^^^^^^^^^^^^^^                                      
                        ^^^^^^^^^^^^^^^^^^^^^^^^^^^^^^^^^^                                         
                            ^^^^^^^^^^^^^^^^^^^^^^^^^^                                             
                               ^^^^^^^^^^^^^^^^^^^^                                                
                                   ^^^^^^^^^^^^                                                    
                                       ^^^^^^                                                      

                           Copyright, all rights, reserved:                                        
                         Permission is hereby granted to use                                       
                but not to reproduce or distribute any part of this                                
             program. The use is restricted to research purposes only.                             
                            Lund University Sweden, 2010.                                          
                                                                                                   
 For the author list and the recommended citation consult section 1.5 of the MOLCAS user's guide.  



   -------------------------------------------------------------------
  |                                                                   
  |   Project         = npo2
  |   Submitted from  = /scratch/7787560
  |   Scratch area    = /scratch/7787560
  |   Save outputs to = /projects/academic/jochena/tjduigna/molcas-work/molcas-ben/npo2/noh
  |   Molcas          = /projects/academic/jochena/tjduigna/codes/molcas-ben
  |                                                                   
  |   Scratch area is NOT empty
  |                                                                   
  |      MOLCAS_print = 3                   
  |       MOLCAS_CPUS = 1                   
  |        MOLCAS_MEM = 3000                
  |     MOLCAS_MOLDEN = OFF                 
  |       MOLCAS_TRAP = OFF                 
  |       MOLCAS_DISK = 3000                
  |                                                                   
   -------------------------------------------------------------------
--- Start Module: auto at Thu Nov 30 13:40:05 2017 

++ ---------   Input file   ---------

  &SEWARD  &END
    cholesky
    Basis set
    Np.ano-rcc.Roos..9s8p6d4f2g.
    Np1       0.000000000      0.000000000      0.000000000   angstrom
    End of basis
    Basis set
    O.ano-rcc.Roos..4s3p2d1f.
    O1        0.000000000      0.000000000     -1.711788   angstrom
    O2        0.000000000      0.000000000      1.711788   angstrom
    end of basis
    BSSHOW
    Angmom
      0.0 0.0 0.0
  &SCF &END
    charge
      3
 >> COPY npo2.ScfOrb INPORB
 >> COPY npo2.ScfOrb INPORB
  &RASSCF &END
    Spin
      2    
    Symmetry
      1    
    nActEl
      1 0 0
    Inactive
      53
    Ras2
      4
    CIRoots
      4 4  1
    Iter
      100 100
    LumOrb
    MAXORB
      2
    orbappear
    compact
    levshift
      1.0
    outorbitals
    canonical
 >> COPY npo2.JobIph JOBIPH
  &RASSI &END  
    NrofJobIphs
      1 4
      1 2 3 4
    SPIN
    EPRG  
      1.0
    MEES
    PROPerties
      3
    'AngMom' 1
    'AngMom' 2
    'AngMom' 3
    SONORB
      2
      1
      2
    SODIAG
      2
      1
      2
    CURD

-- ----------------------------------

--- Start Module: seward at Thu Nov 30 13:40:06 2017 


()()()()()()()()()()()()()()()()()()()()()()()()()()()()()()()()()()()()()()()()()()()()()()()()()()
                                  MOLCAS executing module SEWARD with 3000 MB of memory
                                              at 13:40:06 Thu Nov 30 2017
()()()()()()()()()()()()()()()()()()()()()()()()()()()()()()()()()()()()()()()()()()()()()()()()()()


               SEWARD will generate:
                  Multipole Moment integrals up to order  2
                  Kinetic Energy integrals
                  Nuclear Attraction integrals (point charge)
                  One-Electron Hamiltonian integrals
                  Relativistic Douglas-Kroll-Hess integrals:
                    - Parametrization         : EXP
                    - DKH order of Hamiltonian: 2
                    - DKH order of Properties : 0
                         - multipole moment operators
                         - electric potential operators
                         - contact operators
                  Orbital angular momentum around ( 0.0000  0.0000  0.0000 )
                  Atomic mean-field integrals
                  Cholesky decomposed two-electron repulsion integrals
                   - CD Threshold:   0.10E-03

                   Integrals are discarded if absolute value <: 0.10E-39
                   Integral cutoff threshold is set to       <: 0.10E-39

++    Symmetry information:
      ---------------------

                    Character Table for C1 

                             E  
                    a        1  x, y, xy, Rz, z, xz, Ry, yz, Rx, I
--


++    Basis set information:
      ----------------------


      Basis set label:

      Valence basis set:
      ------------------
      Associated Effective Charge 93.000000 au
      Associated Actual Charge    93.000000 au
      Nuclear Model: Point charge

      Shell  nPrim  nBasis  Cartesian Spherical Contaminant
         s      26       9        X                  
         p      23       8        X                  
         d      17       6                 X         
         f      13       4                 X         
         g       5       2                 X         

       Label   Cartesian Coordinates / Bohr

 NP1                0.0000000000        0.0000000000        0.0000000000


      Basis set label:

      Valence basis set:
      ------------------
      Associated Effective Charge  8.000000 au
      Associated Actual Charge     8.000000 au
      Nuclear Model: Point charge

      Shell  nPrim  nBasis  Cartesian Spherical Contaminant
         s      14       4        X                  
         p       9       3        X                  
         d       4       2                 X         
         f       3       1                 X         

       Label   Cartesian Coordinates / Bohr

 O1                 0.0000000000        0.0000000000       -3.2348105033
 O2                 0.0000000000        0.0000000000        3.2348105033
--


++    Molecular structure info:
      -------------------------

                    ************************************************ 
                    **** Cartesian Coordinates / Bohr, Angstrom **** 
                    ************************************************ 

     Center  Label                x              y              z                     x              y              z
        1      NP1              0.000000       0.000000       0.000000              0.000000       0.000000       0.000000
        2      O1               0.000000       0.000000      -3.234811              0.000000       0.000000      -1.711788
        3      O2               0.000000       0.000000       3.234811              0.000000       0.000000       1.711788

                    *************************************** 
                    *    InterNuclear Distances / Bohr    * 
                    *************************************** 

               1 NP1           2 O1            3 O2    
    1 NP1      0.000000
    2 O1       3.234811        0.000000
    3 O2       3.234811        6.469621        0.000000

                    ******************************************* 
                    *    InterNuclear Distances / Angstrom    * 
                    ******************************************* 

               1 NP1           2 O1            3 O2    
    1 NP1      0.000000
    2 O1       1.711788        0.000000
    3 O2       1.711788        3.423576        0.000000
--


++    Primitive basis info:
      ---------------------


                    *****************************************************
                    ******** Primitive Basis Functions (Valence) ********
                    *****************************************************


 Basis set:NP.ANO-RCC.ROOS..9S8P6D4F2G.....................................................

                  Type         
                   s
           No.      Exponent    Contraction Coefficients
            1  0.5486466820D+08   0.002331840  -0.000971900   0.000475110  -0.000247180   0.000123060  -0.000054410   0.000017380  -0.000037990   0.000063040
            2  0.1404000990D+08   0.002247900  -0.000939550   0.000459520  -0.000239110   0.000119050  -0.000052630   0.000016810  -0.000036760   0.000061030
            3  0.4476451800D+07   0.006212370  -0.002599560   0.001271700  -0.000661730   0.000329470  -0.000145670   0.000046530  -0.000101700   0.000168710
            4  0.1543684750D+07   0.009335990  -0.003927890   0.001923270  -0.001001090   0.000498450  -0.000220370   0.000070400  -0.000153960   0.000255710
            5  0.5669534660D+06   0.018475900  -0.007820430   0.003833470  -0.001995660   0.000993780  -0.000439440   0.000140370  -0.000306680   0.000508360
            6  0.2171327800D+06   0.030847160  -0.013219770   0.006493700  -0.003383080   0.001684770  -0.000744830   0.000237950  -0.000520710   0.000865870
            7  0.8620792750D+05   0.055547860  -0.024222570   0.011936400  -0.006221420   0.003099360  -0.001370810   0.000437860  -0.000955720   0.001581300
            8  0.3510091430D+05   0.095120610  -0.042771720   0.021188240  -0.011064690   0.005513120  -0.002437180   0.000778700  -0.001706590   0.002845980
            9  0.1453517450D+05   0.163773260  -0.077218170   0.038597990  -0.020184390   0.010066090  -0.004454530   0.001422700  -0.003098740   0.005105730
           10  0.6120466140D+04   0.254759480  -0.130413220   0.066174220  -0.034789900   0.017361780  -0.007674620   0.002452850  -0.005395720   0.009061890
           11  0.2637804660D+04   0.318760270  -0.182353280   0.094696670  -0.049945360   0.024980900  -0.011073750   0.003535300  -0.007639110   0.012388680
           12  0.1168416350D+04   0.234037630  -0.119358460   0.058856130  -0.030888910   0.015352320  -0.006739310   0.002160370  -0.004976580   0.009074810
           13  0.5299535540D+03   0.058885980   0.239635780  -0.193556900   0.115041120  -0.059207350   0.026264800  -0.008422930   0.019179070  -0.034248670
           14  0.2499086620D+03   0.000446060   0.587039640  -0.591585770   0.370503620  -0.194647140   0.087551450  -0.027971080   0.059416430  -0.092860250
           15  0.1219354580D+03   0.000744380   0.305104810  -0.285769060   0.193407660  -0.103147020   0.045482350  -0.014717640   0.037348970  -0.078361780
           16  0.6123793540D+02  -0.000475720   0.023070230   0.767765300  -0.863058990   0.529652530  -0.244277560   0.079045200  -0.187760420   0.356994320
           17  0.3110464820D+02   0.000256670   0.002059650   0.592305450  -0.829613480   0.559280940  -0.272948340   0.087642390  -0.169147740   0.205349420
           18  0.1566031210D+02  -0.000148250  -0.001248380   0.045634910   0.880863090  -0.882902150   0.475210230  -0.154833570   0.311261390  -0.414227640
           19  0.7912760200D+01   0.000088130   0.000542200   0.008062350   0.768144340  -1.150070630   0.673787160  -0.229466150   0.611328990  -1.325738350
           20  0.3759604860D+01  -0.000045720  -0.000266770  -0.004162390   0.034486320   1.029259870  -0.869785730   0.315397110  -1.011899270   2.611391650
           21  0.1757164030D+01   0.000022230   0.000141820   0.001962410   0.008381740   0.752587340  -0.926753640   0.351624110  -0.522748790  -0.391614130
           22  0.7500231900D+00  -0.000010090  -0.000062970  -0.000926210  -0.003817450  -0.004749630   0.973028340  -0.464142800   1.735946900  -3.165864970
           23  0.2928357200D+00   0.000004940   0.000029820   0.000462750   0.001849500   0.014665220   0.674881510  -0.603775980  -0.208115890   4.239069430
           24  0.1171342800D+00  -0.000002630  -0.000016030  -0.000246670  -0.001021070  -0.007851460  -0.045590860   0.370897380  -1.663284250  -2.264665230
           25  0.4685371000D-01   0.000001210   0.000007400   0.000115160   0.000483880   0.004156510   0.036957020   0.842648160   0.503887340  -0.442745480
           26  0.1874148000D-01  -0.000000350  -0.000002120  -0.000032760  -0.000136410  -0.001032950  -0.007541160   0.130035280   0.761086980   1.002428870

                  Type         
                   p
           No.      Exponent    Contraction Coefficients
           27  0.2566602930D+08   0.000050210  -0.000026610   0.000013910  -0.000006700   0.000002670  -0.000001340   0.000003080  -0.000003190
           28  0.5345819800D+07   0.000111720  -0.000059270   0.000031010  -0.000014930   0.000005960  -0.000002980   0.000006860  -0.000007100
           29  0.1331478110D+07   0.000311360  -0.000165460   0.000086590  -0.000041690   0.000016640  -0.000008320   0.000019200  -0.000019860
           30  0.3727205870D+06   0.000789880  -0.000420870   0.000220410  -0.000106220   0.000042380  -0.000021180   0.000048750  -0.000050480
           31  0.1142995390D+06   0.002076050  -0.001111120   0.000582520  -0.000280460   0.000111940  -0.000056000   0.000129450  -0.000133860
           32  0.3790923820D+05   0.005552680  -0.002989520   0.001569580  -0.000757500   0.000302200  -0.000150910   0.000346650  -0.000359280
           33  0.1354031800D+05   0.015208780  -0.008274440   0.004356210  -0.002097560   0.000837610  -0.000419440   0.000972300  -0.001004590
           34  0.5203408040D+04   0.041565030  -0.022959200   0.012131000  -0.005870870   0.002342390  -0.001168660   0.002676090  -0.002777550
           35  0.2142884290D+04   0.107450260  -0.061058090   0.032508070  -0.015678180   0.006266680  -0.003142030   0.007311960  -0.007546670
           36  0.9372243870D+03   0.237086040  -0.140177840   0.075385690  -0.036723020   0.014660510  -0.007304070   0.016641080  -0.017320670
           37  0.4305353500D+03   0.375594660  -0.232016880   0.126397530  -0.061044410   0.024457800  -0.012313780   0.029025590  -0.029822650
           38  0.2056437710D+03   0.324039940  -0.137582750   0.061665430  -0.029483030   0.011508630  -0.005521230   0.011023330  -0.011996140
           39  0.9952219170D+02   0.100141110   0.323937170  -0.276451660   0.153640090  -0.062606280   0.030911900  -0.067625460   0.073018440
           40  0.5030824180D+02   0.002417230   0.582939030  -0.516573220   0.275190810  -0.113702900   0.058558770  -0.146630590   0.149903940
           41  0.2537479460D+02   0.001482290   0.226279510   0.130584310  -0.121116720   0.057796880  -0.032862260   0.102688850  -0.107983940
           42  0.1265084380D+02  -0.000927480   0.013019610   0.767904730  -0.708403010   0.320188300  -0.158918360   0.338169810  -0.389386650
           43  0.6217338060D+01   0.000437740   0.001181440   0.304813960   0.001307300  -0.028781930   0.008947450   0.029137880   0.064731610
           44  0.2838608870D+01  -0.000198900  -0.000642410   0.008466860   0.894745690  -0.627768520   0.376039220  -1.162603040   1.355955490
           45  0.1230805970D+01   0.000101500   0.000231940   0.002265910   0.282589250   0.005877130  -0.104722270   1.060053740  -2.136279880
           46  0.5094703200D+00  -0.000049840  -0.000118260  -0.001161140  -0.004766590   0.787792640  -0.570825070   0.674667310   1.195177280
           47  0.2037881300D+00   0.000025010   0.000059970   0.000569450   0.005657310   0.341767660   0.049561730  -1.511082880   0.662433430
           48  0.8151525000D-01  -0.000011700  -0.000028160  -0.000265480  -0.002575080   0.007642890   0.723930330   0.272398970  -1.974171020
           49  0.3260610000D-01   0.000003680   0.000008830   0.000084400   0.000795890   0.003427820   0.351600940   0.624079460   1.439972380

                  Type         
                   d
           No.      Exponent    Contraction Coefficients
           50  0.1453517450D+05   0.000342410  -0.000192860   0.000086270  -0.000025290   0.000041380  -0.000036440
           51  0.6120466140D+04   0.000875380  -0.000493980   0.000217340  -0.000063280   0.000103760  -0.000113820
           52  0.2637804660D+04   0.004221460  -0.002394510   0.001074240  -0.000315170   0.000515460  -0.000445790
           53  0.1168416350D+04   0.017028720  -0.009724190   0.004312290  -0.001258710   0.002062910  -0.002123710
           54  0.5299535540D+03   0.062880010  -0.036409520   0.016365260  -0.004799100   0.007849890  -0.007078570
           55  0.2499086620D+03   0.179072530  -0.105566560   0.047208430  -0.013801670   0.022618410  -0.022929200
           56  0.1219354580D+03   0.349480160  -0.204274660   0.092239520  -0.027082870   0.044372790  -0.039285860
           57  0.6123793540D+02   0.388331010  -0.179305460   0.072149300  -0.020634360   0.034133900  -0.041814930
           58  0.3110464820D+02   0.187529390   0.173952410  -0.114728040   0.035157480  -0.058136900   0.074078340
           59  0.1566031210D+02   0.026842130   0.529841190  -0.324181660   0.099960620  -0.167475460   0.127347050
           60  0.7912760200D+01   0.000841750   0.373485190  -0.104969100   0.023554610  -0.042196780   0.130687040
           61  0.3759604860D+01  -0.000062880   0.066304900   0.488983330  -0.186138650   0.355050200  -0.587337210
           62  0.1757164030D+01   0.000034250  -0.001408790   0.538441890  -0.199933720   0.356553920  -0.042384560
           63  0.7500231900D+00  -0.000025120   0.000890730   0.141586240   0.211133830  -0.888802510   1.148212190
           64  0.2928357200D+00   0.000010380  -0.000423470   0.000401270   0.521110380  -0.242926160  -1.094494360
           65  0.1171342800D+00  -0.000005970   0.000187330   0.001889730   0.403553760   0.614864510  -0.092667020
           66  0.4685371000D-01   0.000001700  -0.000065620  -0.000835240   0.096231710   0.294504140   0.822366290

                  Type         
                   f
           No.      Exponent    Contraction Coefficients
           67  0.9372243870D+03   0.001003650  -0.000321470   0.000289930  -0.000297710
           68  0.4305353500D+03   0.004009750  -0.001269020   0.001200360  -0.001693090
           69  0.2056437710D+03   0.021737350  -0.006979920   0.006351880  -0.006951480
           70  0.9952219170D+02   0.076081040  -0.024309680   0.022730110  -0.029669320
           71  0.5030824180D+02   0.196775850  -0.063274790   0.057741650  -0.064616740
           72  0.2537479460D+02   0.350349610  -0.105723100   0.097535430  -0.129580410
           73  0.1265084380D+02   0.380738870  -0.092323600   0.074019080  -0.058482460
           74  0.6217338060D+01   0.213785690   0.074362810  -0.088683870   0.077939750
           75  0.2838608870D+01   0.042396470   0.338910130  -0.363574510   0.649882340
           76  0.1230805970D+01  -0.000488300   0.446059380  -0.256846000  -0.298306320
           77  0.5094703200D+00   0.000799880   0.312395230   0.419090030  -0.729394240
           78  0.2037881300D+00  -0.000319330   0.117598660   0.494656730   0.532163160
           79  0.8151525000D-01   0.000118940   0.004159960   0.211782200   0.408025910

                  Type         
                   g
           No.      Exponent    Contraction Coefficients
           80  0.3759604860D+01   0.129779460  -0.216139740
           81  0.1757164030D+01   0.315973230  -0.557494060
           82  0.7500231900D+00   0.578423680   0.108418380
           83  0.2928357200D+00   0.228829700   0.639064640
           84  0.1171342800D+00   0.036796070   0.187383290


 Basis set:O.ANO-RCC.ROOS..4S3P2D1F........................................................

                  Type         
                   s
           No.      Exponent    Contraction Coefficients
           85  0.1053749500D+06   0.000123860  -0.000028150   0.000026160  -0.000050580
           86  0.1567924000D+05   0.000512010  -0.000116300   0.000107480  -0.000200240
           87  0.3534544700D+04   0.002152910  -0.000490920   0.000459720  -0.000919520
           88  0.9873651600D+03   0.008528440  -0.001946160   0.001795550  -0.003202400
           89  0.3159787500D+03   0.030180490  -0.007005300   0.006675740  -0.013599740
           90  0.1116542800D+03   0.090997020  -0.021678140   0.020534450  -0.033922960
           91  0.4269945100D+02   0.217793640  -0.056412130   0.058286020  -0.116854620
           92  0.1739559600D+02   0.368624570  -0.112705300   0.121296910  -0.140402750
           93  0.7438309000D+01   0.336670730  -0.158911970   0.226414750  -0.475466660
           94  0.3222862000D+01   0.096576300  -0.033550830  -0.042387000   0.833500960
           95  0.1253877000D+01   0.002144520   0.353190280  -1.010455380   1.301861380
           96  0.4951550000D+00   0.001194350   0.553419930  -0.153868680  -2.481758440
           97  0.1916650000D+00   0.000539020   0.230183910   0.993453200   0.811346590
           98  0.6708300000D-01   0.000210340   0.011272670   0.185872540   0.582104170

                  Type         
                   p
           No.      Exponent    Contraction Coefficients
           99  0.2000000000D+03   0.000917300  -0.000872130   0.001296030
          100  0.4653336700D+02   0.007377140  -0.007064240   0.011512790
          101  0.1462180900D+02   0.034835150  -0.033304890   0.051591200
          102  0.5313064000D+01   0.114439700  -0.114412750   0.204594070
          103  0.2102525000D+01   0.255496640  -0.299010680   0.550193450
          104  0.8502230000D+00   0.372255740  -0.319860540  -0.148720380
          105  0.3375970000D+00   0.332331490   0.205509000  -0.896900850
          106  0.1288920000D+00   0.140084790   0.593592680   0.247075970
          107  0.4511200000D-01   0.023957840   0.282290270   0.644434050

                  Type         
                   d
           No.      Exponent    Contraction Coefficients
          108  0.3750000000D+01   0.136097580  -0.391519530
          109  0.1312500000D+01   0.514014750  -0.622627280
          110  0.4593750000D+00   0.474071250   0.721600730
          111  0.1607810000D+00   0.081669050   0.318701030

                  Type         
                   f
           No.      Exponent    Contraction Coefficients
          112  0.2350000000D+01   0.334606420
          113  0.9400000000D+00   0.561366720
          114  0.3760000000D+00   0.295727860

  Number of primitives                                  480
  Number of basis functions                             169

--


++    SO/AO info:
      -----------

                    **************************************************
                    ********** Petite list Basis Functions ***********
                    **************************************************


           Basis functions generated by E  

 Basis Label        Type   Center
   1   NP1          1s        1
   2   NP1          2s        1
   3   NP1          3s        1
   4   NP1          4s        1
   5   NP1          5s        1
   6   NP1          6s        1
   7   NP1          7s        1
   8   NP1          8s        1
   9   NP1          9s        1
  10   NP1          2px       1
  11   NP1          3px       1
  12   NP1          4px       1
  13   NP1          5px       1
  14   NP1          6px       1
  15   NP1          7px       1
  16   NP1          8px       1
  17   NP1          9px       1
  18   NP1          2py       1
  19   NP1          3py       1
  20   NP1          4py       1
  21   NP1          5py       1
  22   NP1          6py       1
  23   NP1          7py       1
  24   NP1          8py       1
  25   NP1          9py       1
  26   NP1          2pz       1
  27   NP1          3pz       1
  28   NP1          4pz       1
  29   NP1          5pz       1
  30   NP1          6pz       1
  31   NP1          7pz       1
  32   NP1          8pz       1
  33   NP1          9pz       1
  34   NP1          3d2-      1
  35   NP1          4d2-      1
  36   NP1          5d2-      1
  37   NP1          6d2-      1
  38   NP1          7d2-      1
  39   NP1          8d2-      1
  40   NP1          3d1-      1
  41   NP1          4d1-      1
  42   NP1          5d1-      1
  43   NP1          6d1-      1
  44   NP1          7d1-      1
  45   NP1          8d1-      1
  46   NP1          3d0       1
  47   NP1          4d0       1
  48   NP1          5d0       1
  49   NP1          6d0       1
  50   NP1          7d0       1
  51   NP1          8d0       1
  52   NP1          3d1+      1
  53   NP1          4d1+      1
  54   NP1          5d1+      1
  55   NP1          6d1+      1
  56   NP1          7d1+      1
  57   NP1          8d1+      1
  58   NP1          3d2+      1
  59   NP1          4d2+      1
  60   NP1          5d2+      1
  61   NP1          6d2+      1
  62   NP1          7d2+      1
  63   NP1          8d2+      1
  64   NP1          4f3-      1
  65   NP1          5f3-      1
  66   NP1          6f3-      1
  67   NP1          7f3-      1
  68   NP1          4f2-      1
  69   NP1          5f2-      1
  70   NP1          6f2-      1
  71   NP1          7f2-      1
  72   NP1          4f1-      1
  73   NP1          5f1-      1
  74   NP1          6f1-      1
  75   NP1          7f1-      1
  76   NP1          4f0       1
  77   NP1          5f0       1
  78   NP1          6f0       1
  79   NP1          7f0       1
  80   NP1          4f1+      1
  81   NP1          5f1+      1
  82   NP1          6f1+      1
  83   NP1          7f1+      1
  84   NP1          4f2+      1
  85   NP1          5f2+      1
  86   NP1          6f2+      1
  87   NP1          7f2+      1
  88   NP1          4f3+      1
  89   NP1          5f3+      1
  90   NP1          6f3+      1
  91   NP1          7f3+      1
  92   NP1          5g4-      1
  93   NP1          6g4-      1
  94   NP1          5g3-      1
  95   NP1          6g3-      1
  96   NP1          5g2-      1
  97   NP1          6g2-      1
  98   NP1          5g1-      1
  99   NP1          6g1-      1
 100   NP1          5g0       1
 101   NP1          6g0       1
 102   NP1          5g1+      1
 103   NP1          6g1+      1
 104   NP1          5g2+      1
 105   NP1          6g2+      1
 106   NP1          5g3+      1
 107   NP1          6g3+      1
 108   NP1          5g4+      1
 109   NP1          6g4+      1
 110   O1           1s        2
 111   O1           2s        2
 112   O1           3s        2
 113   O1           4s        2
 114   O1           2px       2
 115   O1           3px       2
 116   O1           4px       2
 117   O1           2py       2
 118   O1           3py       2
 119   O1           4py       2
 120   O1           2pz       2
 121   O1           3pz       2
 122   O1           4pz       2
 123   O1           3d2-      2
 124   O1           4d2-      2
 125   O1           3d1-      2
 126   O1           4d1-      2
 127   O1           3d0       2
 128   O1           4d0       2
 129   O1           3d1+      2
 130   O1           4d1+      2
 131   O1           3d2+      2
 132   O1           4d2+      2
 133   O1           4f3-      2
 134   O1           4f2-      2
 135   O1           4f1-      2
 136   O1           4f0       2
 137   O1           4f1+      2
 138   O1           4f2+      2
 139   O1           4f3+      2
 140   O2           1s        3
 141   O2           2s        3
 142   O2           3s        3
 143   O2           4s        3
 144   O2           2px       3
 145   O2           3px       3
 146   O2           4px       3
 147   O2           2py       3
 148   O2           3py       3
 149   O2           4py       3
 150   O2           2pz       3
 151   O2           3pz       3
 152   O2           4pz       3
 153   O2           3d2-      3
 154   O2           4d2-      3
 155   O2           3d1-      3
 156   O2           4d1-      3
 157   O2           3d0       3
 158   O2           4d0       3
 159   O2           3d1+      3
 160   O2           4d1+      3
 161   O2           3d2+      3
 162   O2           4d2+      3
 163   O2           4f3-      3
 164   O2           4f2-      3
 165   O2           4f1-      3
 166   O2           4f0       3
 167   O2           4f1+      3
 168   O2           4f2+      3
 169   O2           4f3+      3

      Basis set specifications :
      Symmetry species        a  
      Basis functions         169
--


            Nuclear Potential Energy            469.88842111 au


      Basis set specifications :
      Symmetry species         a  
      Basis functions          169

      Cholesky vectors         943



  Molden files will not be produced

--- Stop Module:  seward at Thu Nov 30 13:45:15 2017 /rc=0 ---
--- Module seward spent 5 minutes and 9 seconds 
*** 
--- Start Module: scf at Thu Nov 30 13:45:16 2017 
--- Much of this file has been deleted on purpose

     Happy landing!

--- Stop Module:  auto at Thu Nov 30 13:48:09 2017 /rc=0 ---
--- Module auto spent 8 minutes and 4 seconds 